{"C:\\Users\\admin\\Documents\\GitHub\\class-components\\src\\api.ts": {"path":"C:\\Users\\admin\\Documents\\GitHub\\class-components\\src\\api.ts","statementMap":{"0":{"start":{"line":3,"column":23},"end":{"line":3,"column":null}},"1":{"start":{"line":5,"column":32},"end":{"line":28,"column":null}},"2":{"start":{"line":6,"column":16},"end":{"line":6,"column":null}},"3":{"start":{"line":8,"column":21},"end":{"line":8,"column":null}},"4":{"start":{"line":9,"column":4},"end":{"line":9,"column":null}},"5":{"start":{"line":10,"column":4},"end":{"line":10,"column":null}},"6":{"start":{"line":11,"column":4},"end":{"line":11,"column":null}},"7":{"start":{"line":14,"column":21},"end":{"line":20,"column":null}},"8":{"start":{"line":22,"column":4},"end":{"line":24,"column":null}},"9":{"start":{"line":23,"column":8},"end":{"line":23,"column":null}},"10":{"start":{"line":26,"column":17},"end":{"line":26,"column":null}},"11":{"start":{"line":27,"column":4},"end":{"line":27,"column":null}},"12":{"start":{"line":30,"column":37},"end":{"line":48,"column":null}},"13":{"start":{"line":31,"column":16},"end":{"line":31,"column":null}},"14":{"start":{"line":32,"column":21},"end":{"line":32,"column":null}},"15":{"start":{"line":34,"column":4},"end":{"line":39,"column":null}},"16":{"start":{"line":35,"column":8},"end":{"line":37,"column":null}},"17":{"start":{"line":36,"column":16},"end":{"line":36,"column":null}},"18":{"start":{"line":38,"column":8},"end":{"line":38,"column":null}},"19":{"start":{"line":41,"column":17},"end":{"line":41,"column":null}},"20":{"start":{"line":43,"column":4},"end":{"line":45,"column":null}},"21":{"start":{"line":44,"column":12},"end":{"line":44,"column":null}},"22":{"start":{"line":47,"column":4},"end":{"line":47,"column":null}},"23":{"start":{"line":52,"column":13},"end":{"line":86,"column":null}},"24":{"start":{"line":53,"column":30},"end":{"line":53,"column":null}},"25":{"start":{"line":55,"column":4},"end":{"line":60,"column":null}},"26":{"start":{"line":56,"column":27},"end":{"line":58,"column":null}},"27":{"start":{"line":59,"column":8},"end":{"line":59,"column":null}},"28":{"start":{"line":62,"column":4},"end":{"line":64,"column":null}},"29":{"start":{"line":63,"column":8},"end":{"line":63,"column":null}},"30":{"start":{"line":66,"column":4},"end":{"line":68,"column":null}},"31":{"start":{"line":67,"column":8},"end":{"line":67,"column":null}},"32":{"start":{"line":70,"column":4},"end":{"line":72,"column":null}},"33":{"start":{"line":71,"column":8},"end":{"line":71,"column":null}},"34":{"start":{"line":74,"column":4},"end":{"line":79,"column":null}},"35":{"start":{"line":75,"column":25},"end":{"line":77,"column":null}},"36":{"start":{"line":78,"column":8},"end":{"line":78,"column":null}},"37":{"start":{"line":81,"column":4},"end":{"line":83,"column":null}},"38":{"start":{"line":82,"column":8},"end":{"line":82,"column":null}},"39":{"start":{"line":85,"column":4},"end":{"line":85,"column":null}},"40":{"start":{"line":88,"column":44},"end":{"line":126,"column":null}},"41":{"start":{"line":89,"column":23},"end":{"line":89,"column":null}},"42":{"start":{"line":91,"column":4},"end":{"line":93,"column":null}},"43":{"start":{"line":92,"column":8},"end":{"line":92,"column":null}},"44":{"start":{"line":95,"column":20},"end":{"line":121,"column":null}},"45":{"start":{"line":97,"column":12},"end":{"line":119,"column":null}},"46":{"start":{"line":98,"column":32},"end":{"line":98,"column":null}},"47":{"start":{"line":99,"column":16},"end":{"line":109,"column":null}},"48":{"start":{"line":108,"column":69},"end":{"line":108,"column":77}},"49":{"start":{"line":111,"column":16},"end":{"line":118,"column":null}},"50":{"start":{"line":123,"column":4},"end":{"line":125,"column":null}},"51":{"start":{"line":124,"column":76},"end":{"line":124,"column":105}},"52":{"start":{"line":125,"column":23},"end":{"line":125,"column":35}}},"fnMap":{"0":{"name":"(anonymous_0)","decl":{"start":{"line":5,"column":32},"end":{"line":5,"column":39}},"loc":{"start":{"line":5,"column":114},"end":{"line":28,"column":null}},"line":5},"1":{"name":"(anonymous_1)","decl":{"start":{"line":30,"column":37},"end":{"line":30,"column":44}},"loc":{"start":{"line":30,"column":85},"end":{"line":48,"column":null}},"line":30},"2":{"name":"(anonymous_2)","decl":{"start":{"line":52,"column":13},"end":{"line":52,"column":36}},"loc":{"start":{"line":52,"column":74},"end":{"line":86,"column":null}},"line":52},"3":{"name":"(anonymous_3)","decl":{"start":{"line":88,"column":44},"end":{"line":88,"column":81}},"loc":{"start":{"line":88,"column":81},"end":{"line":126,"column":null}},"line":88},"4":{"name":"(anonymous_4)","decl":{"start":{"line":96,"column":23},"end":{"line":96,"column":30}},"loc":{"start":{"line":96,"column":39},"end":{"line":120,"column":9}},"line":96},"5":{"name":"(anonymous_5)","decl":{"start":{"line":108,"column":58},"end":{"line":108,"column":62}},"loc":{"start":{"line":108,"column":69},"end":{"line":108,"column":77}},"line":108},"6":{"name":"(anonymous_6)","decl":{"start":{"line":124,"column":9},"end":{"line":124,"column":17}},"loc":{"start":{"line":124,"column":76},"end":{"line":124,"column":105}},"line":124},"7":{"name":"(anonymous_7)","decl":{"start":{"line":125,"column":9},"end":{"line":125,"column":13}},"loc":{"start":{"line":125,"column":23},"end":{"line":125,"column":35}},"line":125}},"branchMap":{"0":{"loc":{"start":{"line":5,"column":53},"end":{"line":5,"column":69}},"type":"default-arg","locations":[{"start":{"line":5,"column":66},"end":{"line":5,"column":69}}],"line":5},"1":{"loc":{"start":{"line":5,"column":69},"end":{"line":5,"column":114}},"type":"default-arg","locations":[{"start":{"line":5,"column":80},"end":{"line":5,"column":114}}],"line":5},"2":{"loc":{"start":{"line":22,"column":4},"end":{"line":24,"column":null}},"type":"if","locations":[{"start":{"line":22,"column":4},"end":{"line":24,"column":null}},{"start":{},"end":{}}],"line":22},"3":{"loc":{"start":{"line":27,"column":11},"end":{"line":27,"column":null}},"type":"binary-expr","locations":[{"start":{"line":27,"column":11},"end":{"line":27,"column":30}},{"start":{"line":27,"column":30},"end":{"line":27,"column":null}}],"line":27},"4":{"loc":{"start":{"line":34,"column":4},"end":{"line":39,"column":null}},"type":"if","locations":[{"start":{"line":34,"column":4},"end":{"line":39,"column":null}},{"start":{},"end":{}}],"line":34},"5":{"loc":{"start":{"line":35,"column":8},"end":{"line":37,"column":null}},"type":"if","locations":[{"start":{"line":35,"column":8},"end":{"line":37,"column":null}},{"start":{},"end":{}}],"line":35},"6":{"loc":{"start":{"line":43,"column":4},"end":{"line":45,"column":null}},"type":"if","locations":[{"start":{"line":43,"column":4},"end":{"line":45,"column":null}},{"start":{},"end":{}}],"line":43},"7":{"loc":{"start":{"line":43,"column":8},"end":{"line":43,"column":34}},"type":"binary-expr","locations":[{"start":{"line":43,"column":8},"end":{"line":43,"column":17}},{"start":{"line":43,"column":17},"end":{"line":43,"column":34}}],"line":43},"8":{"loc":{"start":{"line":55,"column":4},"end":{"line":60,"column":null}},"type":"if","locations":[{"start":{"line":55,"column":4},"end":{"line":60,"column":null}},{"start":{},"end":{}}],"line":55},"9":{"loc":{"start":{"line":56,"column":27},"end":{"line":58,"column":null}},"type":"cond-expr","locations":[{"start":{"line":56,"column":54},"end":{"line":56,"column":null}},{"start":{"line":57,"column":26},"end":{"line":58,"column":null}}],"line":56},"10":{"loc":{"start":{"line":57,"column":26},"end":{"line":58,"column":null}},"type":"cond-expr","locations":[{"start":{"line":57,"column":53},"end":{"line":57,"column":null}},{"start":{"line":58,"column":26},"end":{"line":58,"column":null}}],"line":57},"11":{"loc":{"start":{"line":62,"column":4},"end":{"line":64,"column":null}},"type":"if","locations":[{"start":{"line":62,"column":4},"end":{"line":64,"column":null}},{"start":{},"end":{}}],"line":62},"12":{"loc":{"start":{"line":66,"column":4},"end":{"line":68,"column":null}},"type":"if","locations":[{"start":{"line":66,"column":4},"end":{"line":68,"column":null}},{"start":{},"end":{}}],"line":66},"13":{"loc":{"start":{"line":70,"column":4},"end":{"line":72,"column":null}},"type":"if","locations":[{"start":{"line":70,"column":4},"end":{"line":72,"column":null}},{"start":{},"end":{}}],"line":70},"14":{"loc":{"start":{"line":74,"column":4},"end":{"line":79,"column":null}},"type":"if","locations":[{"start":{"line":74,"column":4},"end":{"line":79,"column":null}},{"start":{},"end":{}}],"line":74},"15":{"loc":{"start":{"line":75,"column":25},"end":{"line":77,"column":null}},"type":"cond-expr","locations":[{"start":{"line":76,"column":14},"end":{"line":76,"column":null}},{"start":{"line":77,"column":14},"end":{"line":77,"column":null}}],"line":75},"16":{"loc":{"start":{"line":81,"column":4},"end":{"line":83,"column":null}},"type":"if","locations":[{"start":{"line":81,"column":4},"end":{"line":83,"column":null}},{"start":{},"end":{}}],"line":81},"17":{"loc":{"start":{"line":91,"column":4},"end":{"line":93,"column":null}},"type":"if","locations":[{"start":{"line":91,"column":4},"end":{"line":93,"column":null}},{"start":{},"end":{}}],"line":91}},"s":{"0":4,"1":4,"2":7,"3":7,"4":7,"5":7,"6":7,"7":7,"8":7,"9":1,"10":6,"11":6,"12":4,"13":5,"14":5,"15":5,"16":2,"17":0,"18":2,"19":3,"20":3,"21":0,"22":3,"23":4,"24":7,"25":7,"26":3,"27":3,"28":7,"29":1,"30":7,"31":1,"32":7,"33":0,"34":7,"35":3,"36":3,"37":7,"38":1,"39":6,"40":4,"41":3,"42":3,"43":1,"44":2,"45":3,"46":3,"47":2,"48":0,"49":1,"50":2,"51":3,"52":3},"f":{"0":7,"1":5,"2":7,"3":3,"4":3,"5":0,"6":3,"7":3},"b":{"0":[7],"1":[7],"2":[1,6],"3":[6,1],"4":[2,3],"5":[0,2],"6":[0,3],"7":[3,3],"8":[3,4],"9":[3,0],"10":[0,0],"11":[1,6],"12":[1,6],"13":[0,7],"14":[3,4],"15":[1,2],"16":[1,6],"17":[1,2]},"meta":{"lastBranch":18,"lastFunction":8,"lastStatement":53,"seen":{"s:3:23:3:Infinity":0,"s:5:32:28:Infinity":1,"f:5:32:5:39":0,"b:5:66:5:69":0,"b:5:80:5:114":1,"s:6:16:6:Infinity":2,"s:8:21:8:Infinity":3,"s:9:4:9:Infinity":4,"s:10:4:10:Infinity":5,"s:11:4:11:Infinity":6,"s:14:21:20:Infinity":7,"b:22:4:24:Infinity:undefined:undefined:undefined:undefined":2,"s:22:4:24:Infinity":8,"s:23:8:23:Infinity":9,"s:26:17:26:Infinity":10,"s:27:4:27:Infinity":11,"b:27:11:27:30:27:30:27:Infinity":3,"s:30:37:48:Infinity":12,"f:30:37:30:44":1,"s:31:16:31:Infinity":13,"s:32:21:32:Infinity":14,"b:34:4:39:Infinity:undefined:undefined:undefined:undefined":4,"s:34:4:39:Infinity":15,"b:35:8:37:Infinity:undefined:undefined:undefined:undefined":5,"s:35:8:37:Infinity":16,"s:36:16:36:Infinity":17,"s:38:8:38:Infinity":18,"s:41:17:41:Infinity":19,"b:43:4:45:Infinity:undefined:undefined:undefined:undefined":6,"s:43:4:45:Infinity":20,"b:43:8:43:17:43:17:43:34":7,"s:44:12:44:Infinity":21,"s:47:4:47:Infinity":22,"s:52:13:86:Infinity":23,"f:52:13:52:36":2,"s:53:30:53:Infinity":24,"b:55:4:60:Infinity:undefined:undefined:undefined:undefined":8,"s:55:4:60:Infinity":25,"s:56:27:58:Infinity":26,"b:56:54:56:Infinity:57:26:58:Infinity":9,"b:57:53:57:Infinity:58:26:58:Infinity":10,"s:59:8:59:Infinity":27,"b:62:4:64:Infinity:undefined:undefined:undefined:undefined":11,"s:62:4:64:Infinity":28,"s:63:8:63:Infinity":29,"b:66:4:68:Infinity:undefined:undefined:undefined:undefined":12,"s:66:4:68:Infinity":30,"s:67:8:67:Infinity":31,"b:70:4:72:Infinity:undefined:undefined:undefined:undefined":13,"s:70:4:72:Infinity":32,"s:71:8:71:Infinity":33,"b:74:4:79:Infinity:undefined:undefined:undefined:undefined":14,"s:74:4:79:Infinity":34,"s:75:25:77:Infinity":35,"b:76:14:76:Infinity:77:14:77:Infinity":15,"s:78:8:78:Infinity":36,"b:81:4:83:Infinity:undefined:undefined:undefined:undefined":16,"s:81:4:83:Infinity":37,"s:82:8:82:Infinity":38,"s:85:4:85:Infinity":39,"s:88:44:126:Infinity":40,"f:88:44:88:81":3,"s:89:23:89:Infinity":41,"b:91:4:93:Infinity:undefined:undefined:undefined:undefined":17,"s:91:4:93:Infinity":42,"s:92:8:92:Infinity":43,"s:95:20:121:Infinity":44,"f:96:23:96:30":4,"s:97:12:119:Infinity":45,"s:98:32:98:Infinity":46,"s:99:16:109:Infinity":47,"f:108:58:108:62":5,"s:108:69:108:77":48,"s:111:16:118:Infinity":49,"s:123:4:125:Infinity":50,"f:124:9:124:17":6,"s:124:76:124:105":51,"f:125:9:125:13":7,"s:125:23:125:35":52}}}
,"C:\\Users\\admin\\Documents\\GitHub\\class-components\\src\\app\\App.tsx": {"path":"C:\\Users\\admin\\Documents\\GitHub\\class-components\\src\\app\\App.tsx","statementMap":{"0":{"start":{"line":7,"column":13},"end":{"line":21,"column":null}},"1":{"start":{"line":8,"column":2},"end":{"line":19,"column":null}}},"fnMap":{"0":{"name":"(anonymous_0)","decl":{"start":{"line":7,"column":13},"end":{"line":7,"column":25}},"loc":{"start":{"line":7,"column":25},"end":{"line":21,"column":null}},"line":7}},"branchMap":{},"s":{"0":1,"1":3},"f":{"0":3},"b":{},"meta":{"lastBranch":0,"lastFunction":1,"lastStatement":2,"seen":{"s:7:13:21:Infinity":0,"f:7:13:7:25":0,"s:8:2:19:Infinity":1}}}
,"C:\\Users\\admin\\Documents\\GitHub\\class-components\\src\\app\\app-layout\\index.tsx": {"path":"C:\\Users\\admin\\Documents\\GitHub\\class-components\\src\\app\\app-layout\\index.tsx","statementMap":{"0":{"start":{"line":4,"column":13},"end":{"line":14,"column":null}},"1":{"start":{"line":5,"column":4},"end":{"line":12,"column":null}}},"fnMap":{"0":{"name":"(anonymous_0)","decl":{"start":{"line":4,"column":13},"end":{"line":4,"column":31}},"loc":{"start":{"line":4,"column":31},"end":{"line":14,"column":null}},"line":4}},"branchMap":{},"s":{"0":1,"1":0},"f":{"0":0},"b":{},"meta":{"lastBranch":0,"lastFunction":1,"lastStatement":2,"seen":{"s:4:13:14:Infinity":0,"f:4:13:4:31":0,"s:5:4:12:Infinity":1}}}
,"C:\\Users\\admin\\Documents\\GitHub\\class-components\\src\\app\\ui\\footer.tsx": {"path":"C:\\Users\\admin\\Documents\\GitHub\\class-components\\src\\app\\ui\\footer.tsx","statementMap":{"0":{"start":{"line":3,"column":13},"end":{"line":60,"column":null}},"1":{"start":{"line":4,"column":4},"end":{"line":58,"column":null}}},"fnMap":{"0":{"name":"(anonymous_0)","decl":{"start":{"line":3,"column":13},"end":{"line":3,"column":28}},"loc":{"start":{"line":3,"column":28},"end":{"line":60,"column":null}},"line":3}},"branchMap":{},"s":{"0":2,"1":2},"f":{"0":2},"b":{},"meta":{"lastBranch":0,"lastFunction":1,"lastStatement":2,"seen":{"s:3:13:60:Infinity":0,"f:3:13:3:28":0,"s:4:4:58:Infinity":1}}}
,"C:\\Users\\admin\\Documents\\GitHub\\class-components\\src\\app\\ui\\header.tsx": {"path":"C:\\Users\\admin\\Documents\\GitHub\\class-components\\src\\app\\ui\\header.tsx","statementMap":{"0":{"start":{"line":5,"column":13},"end":{"line":15,"column":null}},"1":{"start":{"line":6,"column":4},"end":{"line":13,"column":null}}},"fnMap":{"0":{"name":"(anonymous_0)","decl":{"start":{"line":5,"column":13},"end":{"line":5,"column":28}},"loc":{"start":{"line":5,"column":28},"end":{"line":15,"column":null}},"line":5}},"branchMap":{},"s":{"0":2,"1":1},"f":{"0":1},"b":{},"meta":{"lastBranch":0,"lastFunction":1,"lastStatement":2,"seen":{"s:5:13:15:Infinity":0,"f:5:13:5:28":0,"s:6:4:13:Infinity":1}}}
,"C:\\Users\\admin\\Documents\\GitHub\\class-components\\src\\app\\ui\\index.ts": {"path":"C:\\Users\\admin\\Documents\\GitHub\\class-components\\src\\app\\ui\\index.ts","statementMap":{},"fnMap":{},"branchMap":{},"s":{},"f":{},"b":{},"meta":{"lastBranch":0,"lastFunction":0,"lastStatement":0,"seen":{}}}
,"C:\\Users\\admin\\Documents\\GitHub\\class-components\\src\\components\\__tests__\\test-utils.tsx": {"path":"C:\\Users\\admin\\Documents\\GitHub\\class-components\\src\\components\\__tests__\\test-utils.tsx","statementMap":{"0":{"start":{"line":16,"column":6},"end":{"line":19,"column":null}},"1":{"start":{"line":18,"column":2},"end":{"line":19,"column":null}},"2":{"start":{"line":21,"column":6},"end":{"line":24,"column":null}},"3":{"start":{"line":23,"column":2},"end":{"line":24,"column":null}},"4":{"start":{"line":26,"column":6},"end":{"line":28,"column":null}},"5":{"start":{"line":27,"column":2},"end":{"line":27,"column":null}}},"fnMap":{"0":{"name":"(anonymous_0)","decl":{"start":{"line":16,"column":6},"end":{"line":16,"column":null}},"loc":{"start":{"line":18,"column":2},"end":{"line":19,"column":null}},"line":18},"1":{"name":"(anonymous_1)","decl":{"start":{"line":21,"column":6},"end":{"line":21,"column":null}},"loc":{"start":{"line":23,"column":2},"end":{"line":24,"column":null}},"line":23},"2":{"name":"(anonymous_2)","decl":{"start":{"line":26,"column":6},"end":{"line":26,"column":33}},"loc":{"start":{"line":26,"column":54},"end":{"line":28,"column":null}},"line":26}},"branchMap":{},"s":{"0":12,"1":61,"2":12,"3":16,"4":12,"5":0},"f":{"0":61,"1":16,"2":0},"b":{},"meta":{"lastBranch":0,"lastFunction":3,"lastStatement":6,"seen":{"s:16:6:19:Infinity":0,"f:16:6:16:Infinity":0,"s:18:2:19:Infinity":1,"s:21:6:24:Infinity":2,"f:21:6:21:Infinity":1,"s:23:2:24:Infinity":3,"s:26:6:28:Infinity":4,"f:26:6:26:33":2,"s:27:2:27:Infinity":5}}}
,"C:\\Users\\admin\\Documents\\GitHub\\class-components\\src\\components\\detail-panel\\detail-panel.tsx": {"path":"C:\\Users\\admin\\Documents\\GitHub\\class-components\\src\\components\\detail-panel\\detail-panel.tsx","statementMap":{"0":{"start":{"line":21,"column":13},"end":{"line":107,"column":null}},"1":{"start":{"line":22,"column":20},"end":{"line":22,"column":null}},"2":{"start":{"line":23,"column":20},"end":{"line":23,"column":null}},"3":{"start":{"line":24,"column":18},"end":{"line":24,"column":null}},"4":{"start":{"line":26,"column":4},"end":{"line":58,"column":null}},"5":{"start":{"line":27,"column":8},"end":{"line":29,"column":null}},"6":{"start":{"line":28,"column":12},"end":{"line":28,"column":null}},"7":{"start":{"line":31,"column":28},"end":{"line":55,"column":null}},"8":{"start":{"line":32,"column":12},"end":{"line":32,"column":null}},"9":{"start":{"line":33,"column":12},"end":{"line":33,"column":null}},"10":{"start":{"line":34,"column":12},"end":{"line":54,"column":null}},"11":{"start":{"line":35,"column":45},"end":{"line":35,"column":null}},"12":{"start":{"line":37,"column":16},"end":{"line":39,"column":null}},"13":{"start":{"line":38,"column":20},"end":{"line":38,"column":null}},"14":{"start":{"line":41,"column":16},"end":{"line":48,"column":null}},"15":{"start":{"line":46,"column":68},"end":{"line":46,"column":76}},"16":{"start":{"line":50,"column":16},"end":{"line":50,"column":null}},"17":{"start":{"line":51,"column":16},"end":{"line":51,"column":null}},"18":{"start":{"line":53,"column":16},"end":{"line":53,"column":null}},"19":{"start":{"line":57,"column":8},"end":{"line":57,"column":null}},"20":{"start":{"line":60,"column":4},"end":{"line":60,"column":null}},"21":{"start":{"line":60,"column":22},"end":{"line":60,"column":null}},"22":{"start":{"line":62,"column":4},"end":{"line":105,"column":null}}},"fnMap":{"0":{"name":"(anonymous_0)","decl":{"start":{"line":21,"column":13},"end":{"line":21,"column":28}},"loc":{"start":{"line":21,"column":75},"end":{"line":107,"column":null}},"line":21},"1":{"name":"(anonymous_1)","decl":{"start":{"line":26,"column":4},"end":{"line":26,"column":20}},"loc":{"start":{"line":26,"column":20},"end":{"line":58,"column":7}},"line":26},"2":{"name":"(anonymous_2)","decl":{"start":{"line":31,"column":28},"end":{"line":31,"column":40}},"loc":{"start":{"line":31,"column":40},"end":{"line":55,"column":null}},"line":31},"3":{"name":"(anonymous_3)","decl":{"start":{"line":46,"column":55},"end":{"line":46,"column":60}},"loc":{"start":{"line":46,"column":68},"end":{"line":46,"column":76}},"line":46}},"branchMap":{"0":{"loc":{"start":{"line":27,"column":8},"end":{"line":29,"column":null}},"type":"if","locations":[{"start":{"line":27,"column":8},"end":{"line":29,"column":null}},{"start":{},"end":{}}],"line":27},"1":{"loc":{"start":{"line":37,"column":16},"end":{"line":39,"column":null}},"type":"if","locations":[{"start":{"line":37,"column":16},"end":{"line":39,"column":null}},{"start":{},"end":{}}],"line":37},"2":{"loc":{"start":{"line":37,"column":20},"end":{"line":37,"column":41}},"type":"binary-expr","locations":[{"start":{"line":37,"column":20},"end":{"line":37,"column":29}},{"start":{"line":37,"column":29},"end":{"line":37,"column":41}}],"line":37},"3":{"loc":{"start":{"line":43,"column":28},"end":{"line":43,"column":null}},"type":"cond-expr","locations":[{"start":{"line":43,"column":50},"end":{"line":43,"column":59}},{"start":{"line":43,"column":59},"end":{"line":43,"column":null}}],"line":43},"4":{"loc":{"start":{"line":43,"column":59},"end":{"line":43,"column":null}},"type":"cond-expr","locations":[{"start":{"line":43,"column":81},"end":{"line":43,"column":92}},{"start":{"line":43,"column":92},"end":{"line":43,"column":null}}],"line":43},"5":{"loc":{"start":{"line":44,"column":29},"end":{"line":44,"column":null}},"type":"binary-expr","locations":[{"start":{"line":44,"column":29},"end":{"line":44,"column":51}},{"start":{"line":44,"column":51},"end":{"line":44,"column":null}}],"line":44},"6":{"loc":{"start":{"line":45,"column":28},"end":{"line":45,"column":null}},"type":"cond-expr","locations":[{"start":{"line":45,"column":44},"end":{"line":45,"column":57}},{"start":{"line":45,"column":57},"end":{"line":45,"column":null}}],"line":45},"7":{"loc":{"start":{"line":46,"column":35},"end":{"line":46,"column":null}},"type":"binary-expr","locations":[{"start":{"line":46,"column":35},"end":{"line":46,"column":81}},{"start":{"line":46,"column":81},"end":{"line":46,"column":null}}],"line":46},"8":{"loc":{"start":{"line":47,"column":33},"end":{"line":47,"column":null}},"type":"binary-expr","locations":[{"start":{"line":47,"column":33},"end":{"line":47,"column":45}},{"start":{"line":47,"column":45},"end":{"line":47,"column":null}}],"line":47},"9":{"loc":{"start":{"line":50,"column":25},"end":{"line":50,"column":86}},"type":"cond-expr","locations":[{"start":{"line":50,"column":48},"end":{"line":50,"column":62}},{"start":{"line":50,"column":62},"end":{"line":50,"column":86}}],"line":50},"10":{"loc":{"start":{"line":60,"column":4},"end":{"line":60,"column":null}},"type":"if","locations":[{"start":{"line":60,"column":4},"end":{"line":60,"column":null}},{"start":{},"end":{}}],"line":60},"11":{"loc":{"start":{"line":71,"column":13},"end":{"line":71,"column":null}},"type":"binary-expr","locations":[{"start":{"line":71,"column":13},"end":{"line":71,"column":24}},{"start":{"line":71,"column":24},"end":{"line":71,"column":null}}],"line":71},"12":{"loc":{"start":{"line":73,"column":13},"end":{"line":80,"column":null}},"type":"binary-expr","locations":[{"start":{"line":73,"column":13},"end":{"line":73,"column":null}},{"start":{"line":74,"column":16},"end":{"line":80,"column":null}}],"line":73},"13":{"loc":{"start":{"line":83,"column":13},"end":{"line":103,"column":null}},"type":"binary-expr","locations":[{"start":{"line":83,"column":13},"end":{"line":83,"column":24}},{"start":{"line":83,"column":24},"end":{"line":83,"column":null}},{"start":{"line":84,"column":16},"end":{"line":103,"column":null}}],"line":83},"14":{"loc":{"start":{"line":95,"column":21},"end":{"line":98,"column":null}},"type":"binary-expr","locations":[{"start":{"line":95,"column":21},"end":{"line":95,"column":null}},{"start":{"line":96,"column":24},"end":{"line":98,"column":null}}],"line":95}},"s":{"0":3,"1":94,"2":94,"3":94,"4":94,"5":29,"6":17,"7":12,"8":12,"9":12,"10":12,"11":12,"12":10,"13":1,"14":9,"15":14,"16":3,"17":3,"18":12,"19":12,"20":94,"21":59,"22":35},"f":{"0":94,"1":29,"2":12,"3":14},"b":{"0":[17,12],"1":[1,9],"2":[10,10],"3":[7,2],"4":[1,1],"5":[12,1],"6":[1,8],"7":[12,0],"8":[12,0],"9":[3,0],"10":[59,35],"11":[35,12],"12":[94,3],"13":[94,8,8],"14":[8,7]},"meta":{"lastBranch":15,"lastFunction":4,"lastStatement":23,"seen":{"s:21:13:107:Infinity":0,"f:21:13:21:28":0,"s:22:20:22:Infinity":1,"s:23:20:23:Infinity":2,"s:24:18:24:Infinity":3,"s:26:4:58:Infinity":4,"f:26:4:26:20":1,"b:27:8:29:Infinity:undefined:undefined:undefined:undefined":0,"s:27:8:29:Infinity":5,"s:28:12:28:Infinity":6,"s:31:28:55:Infinity":7,"f:31:28:31:40":2,"s:32:12:32:Infinity":8,"s:33:12:33:Infinity":9,"s:34:12:54:Infinity":10,"s:35:45:35:Infinity":11,"b:37:16:39:Infinity:undefined:undefined:undefined:undefined":1,"s:37:16:39:Infinity":12,"b:37:20:37:29:37:29:37:41":2,"s:38:20:38:Infinity":13,"s:41:16:48:Infinity":14,"b:43:50:43:59:43:59:43:Infinity":3,"b:43:81:43:92:43:92:43:Infinity":4,"b:44:29:44:51:44:51:44:Infinity":5,"b:45:44:45:57:45:57:45:Infinity":6,"b:46:35:46:81:46:81:46:Infinity":7,"f:46:55:46:60":3,"s:46:68:46:76":15,"b:47:33:47:45:47:45:47:Infinity":8,"s:50:16:50:Infinity":16,"b:50:48:50:62:50:62:50:86":9,"s:51:16:51:Infinity":17,"s:53:16:53:Infinity":18,"s:57:8:57:Infinity":19,"b:60:4:60:Infinity:undefined:undefined:undefined:undefined":10,"s:60:4:60:Infinity":20,"s:60:22:60:Infinity":21,"s:62:4:105:Infinity":22,"b:71:13:71:24:71:24:71:Infinity":11,"b:73:13:73:Infinity:74:16:80:Infinity":12,"b:83:13:83:24:83:24:83:Infinity:84:16:103:Infinity":13,"b:95:21:95:Infinity:96:24:98:Infinity":14}}}
,"C:\\Users\\admin\\Documents\\GitHub\\class-components\\src\\components\\error-boundary\\error-boundary.tsx": {"path":"C:\\Users\\admin\\Documents\\GitHub\\class-components\\src\\components\\error-boundary\\error-boundary.tsx","statementMap":{"0":{"start":{"line":31,"column":2},"end":{"line":33,"column":null}},"1":{"start":{"line":16,"column":4},"end":{"line":16,"column":null}},"2":{"start":{"line":17,"column":4},"end":{"line":20,"column":null}},"3":{"start":{"line":25,"column":4},"end":{"line":28,"column":null}},"4":{"start":{"line":32,"column":4},"end":{"line":32,"column":null}},"5":{"start":{"line":36,"column":4},"end":{"line":55,"column":null}},"6":{"start":{"line":37,"column":6},"end":{"line":53,"column":null}},"7":{"start":{"line":57,"column":4},"end":{"line":57,"column":null}}},"fnMap":{"0":{"name":"(anonymous_0)","decl":{"start":{"line":15,"column":2},"end":{"line":15,"column":14}},"loc":{"start":{"line":15,"column":41},"end":{"line":21,"column":null}},"line":15},"1":{"name":"(anonymous_1)","decl":{"start":{"line":23,"column":9},"end":{"line":23,"column":34}},"loc":{"start":{"line":23,"column":68},"end":{"line":29,"column":null}},"line":23},"2":{"name":"(anonymous_2)","decl":{"start":{"line":31,"column":2},"end":{"line":31,"column":29}},"loc":{"start":{"line":31,"column":29},"end":{"line":33,"column":null}},"line":31},"3":{"name":"(anonymous_3)","decl":{"start":{"line":35,"column":2},"end":{"line":35,"column":22}},"loc":{"start":{"line":35,"column":22},"end":{"line":58,"column":null}},"line":35}},"branchMap":{"0":{"loc":{"start":{"line":27,"column":20},"end":{"line":27,"column":null}},"type":"binary-expr","locations":[{"start":{"line":27,"column":20},"end":{"line":27,"column":37}},{"start":{"line":27,"column":37},"end":{"line":27,"column":null}}],"line":27},"1":{"loc":{"start":{"line":36,"column":4},"end":{"line":55,"column":null}},"type":"if","locations":[{"start":{"line":36,"column":4},"end":{"line":55,"column":null}},{"start":{},"end":{}}],"line":36},"2":{"loc":{"start":{"line":44,"column":15},"end":{"line":44,"column":null}},"type":"binary-expr","locations":[{"start":{"line":44,"column":15},"end":{"line":44,"column":42}},{"start":{"line":44,"column":42},"end":{"line":44,"column":null}}],"line":44}},"s":{"0":1,"1":11,"2":11,"3":8,"4":1,"5":17,"6":8,"7":9},"f":{"0":11,"1":9,"2":1,"3":17},"b":{"0":[8,2],"1":[8,9],"2":[8,0]},"meta":{"lastBranch":3,"lastFunction":4,"lastStatement":8,"seen":{"s:31:2:33:Infinity":0,"f:15:2:15:14":0,"s:16:4:16:Infinity":1,"s:17:4:20:Infinity":2,"f:23:9:23:34":1,"s:25:4:28:Infinity":3,"b:27:20:27:37:27:37:27:Infinity":0,"f:31:2:31:29":2,"s:32:4:32:Infinity":4,"f:35:2:35:22":3,"b:36:4:55:Infinity:undefined:undefined:undefined:undefined":1,"s:36:4:55:Infinity":5,"s:37:6:53:Infinity":6,"b:44:15:44:42:44:42:44:Infinity":2,"s:57:4:57:Infinity":7}}}
,"C:\\Users\\admin\\Documents\\GitHub\\class-components\\src\\components\\error-button\\index.tsx": {"path":"C:\\Users\\admin\\Documents\\GitHub\\class-components\\src\\components\\error-button\\index.tsx","statementMap":{"0":{"start":{"line":8,"column":13},"end":{"line":34,"column":null}},"1":{"start":{"line":9,"column":24},"end":{"line":9,"column":null}},"2":{"start":{"line":11,"column":10},"end":{"line":17,"column":null}},"3":{"start":{"line":12,"column":8},"end":{"line":14,"column":null}},"4":{"start":{"line":13,"column":12},"end":{"line":13,"column":null}},"5":{"start":{"line":16,"column":8},"end":{"line":16,"column":null}},"6":{"start":{"line":19,"column":4},"end":{"line":21,"column":null}},"7":{"start":{"line":20,"column":12},"end":{"line":20,"column":null}},"8":{"start":{"line":23,"column":8},"end":{"line":32,"column":null}}},"fnMap":{"0":{"name":"(anonymous_0)","decl":{"start":{"line":8,"column":13},"end":{"line":8,"column":32}},"loc":{"start":{"line":8,"column":68},"end":{"line":34,"column":null}},"line":8},"1":{"name":"(anonymous_1)","decl":{"start":{"line":11,"column":10},"end":{"line":11,"column":34}},"loc":{"start":{"line":11,"column":34},"end":{"line":17,"column":null}},"line":11}},"branchMap":{"0":{"loc":{"start":{"line":12,"column":8},"end":{"line":14,"column":null}},"type":"if","locations":[{"start":{"line":12,"column":8},"end":{"line":14,"column":null}},{"start":{},"end":{}}],"line":12},"1":{"loc":{"start":{"line":19,"column":4},"end":{"line":21,"column":null}},"type":"if","locations":[{"start":{"line":19,"column":4},"end":{"line":21,"column":null}},{"start":{},"end":{}}],"line":19}},"s":{"0":3,"1":65,"2":65,"3":1,"4":0,"5":1,"6":65,"7":2,"8":62},"f":{"0":65,"1":1},"b":{"0":[0,1],"1":[2,63]},"meta":{"lastBranch":2,"lastFunction":2,"lastStatement":9,"seen":{"s:8:13:34:Infinity":0,"f:8:13:8:32":0,"s:9:24:9:Infinity":1,"s:11:10:17:Infinity":2,"f:11:10:11:34":1,"b:12:8:14:Infinity:undefined:undefined:undefined:undefined":0,"s:12:8:14:Infinity":3,"s:13:12:13:Infinity":4,"s:16:8:16:Infinity":5,"b:19:4:21:Infinity:undefined:undefined:undefined:undefined":1,"s:19:4:21:Infinity":6,"s:20:12:20:Infinity":7,"s:23:8:32:Infinity":8}}}
,"C:\\Users\\admin\\Documents\\GitHub\\class-components\\src\\components\\error-message\\error-message.tsx": {"path":"C:\\Users\\admin\\Documents\\GitHub\\class-components\\src\\components\\error-message\\error-message.tsx","statementMap":{"0":{"start":{"line":5,"column":13},"end":{"line":11,"column":null}},"1":{"start":{"line":6,"column":3},"end":{"line":9,"column":null}}},"fnMap":{"0":{"name":"(anonymous_0)","decl":{"start":{"line":5,"column":13},"end":{"line":5,"column":29}},"loc":{"start":{"line":5,"column":62},"end":{"line":11,"column":null}},"line":5}},"branchMap":{},"s":{"0":4,"1":5},"f":{"0":5},"b":{},"meta":{"lastBranch":0,"lastFunction":1,"lastStatement":2,"seen":{"s:5:13:11:Infinity":0,"f:5:13:5:29":0,"s:6:3:9:Infinity":1}}}
,"C:\\Users\\admin\\Documents\\GitHub\\class-components\\src\\components\\loader\\index.tsx": {"path":"C:\\Users\\admin\\Documents\\GitHub\\class-components\\src\\components\\loader\\index.tsx","statementMap":{"0":{"start":{"line":12,"column":13},"end":{"line":46,"column":null}},"1":{"start":{"line":18,"column":23},"end":{"line":23,"column":null}},"2":{"start":{"line":25,"column":2},"end":{"line":44,"column":null}}},"fnMap":{"0":{"name":"(anonymous_0)","decl":{"start":{"line":12,"column":13},"end":{"line":12,"column":23}},"loc":{"start":{"line":17,"column":19},"end":{"line":46,"column":null}},"line":17}},"branchMap":{"0":{"loc":{"start":{"line":13,"column":2},"end":{"line":13,"column":null}},"type":"default-arg","locations":[{"start":{"line":13,"column":9},"end":{"line":13,"column":null}}],"line":13},"1":{"loc":{"start":{"line":14,"column":2},"end":{"line":14,"column":null}},"type":"default-arg","locations":[{"start":{"line":14,"column":10},"end":{"line":14,"column":null}}],"line":14},"2":{"loc":{"start":{"line":15,"column":2},"end":{"line":15,"column":null}},"type":"default-arg","locations":[{"start":{"line":15,"column":14},"end":{"line":15,"column":null}}],"line":15},"3":{"loc":{"start":{"line":16,"column":2},"end":{"line":16,"column":null}},"type":"default-arg","locations":[{"start":{"line":16,"column":10},"end":{"line":16,"column":null}}],"line":16}},"s":{"0":4,"1":36,"2":36},"f":{"0":36},"b":{"0":[36],"1":[36],"2":[36],"3":[36]},"meta":{"lastBranch":4,"lastFunction":1,"lastStatement":3,"seen":{"s:12:13:46:Infinity":0,"f:12:13:12:23":0,"b:13:9:13:Infinity":0,"b:14:10:14:Infinity":1,"b:15:14:15:Infinity":2,"b:16:10:16:Infinity":3,"s:18:23:23:Infinity":1,"s:25:2:44:Infinity":2}}}
,"C:\\Users\\admin\\Documents\\GitHub\\class-components\\src\\components\\pagination\\pagination.tsx": {"path":"C:\\Users\\admin\\Documents\\GitHub\\class-components\\src\\components\\pagination\\pagination.tsx","statementMap":{"0":{"start":{"line":16,"column":2},"end":{"line":16,"column":null}},"1":{"start":{"line":16,"column":23},"end":{"line":16,"column":null}},"2":{"start":{"line":18,"column":16},"end":{"line":18,"column":null}},"3":{"start":{"line":18,"column":65},"end":{"line":18,"column":74}},"4":{"start":{"line":20,"column":2},"end":{"line":61,"column":null}},"5":{"start":{"line":26,"column":23},"end":{"line":26,"column":null}},"6":{"start":{"line":35,"column":10},"end":{"line":48,"column":null}},"7":{"start":{"line":43,"column":27},"end":{"line":43,"column":null}},"8":{"start":{"line":56,"column":23},"end":{"line":56,"column":null}}},"fnMap":{"0":{"name":"Pagination","decl":{"start":{"line":10,"column":24},"end":{"line":10,"column":35}},"loc":{"start":{"line":15,"column":20},"end":{"line":63,"column":null}},"line":15},"1":{"name":"(anonymous_1)","decl":{"start":{"line":18,"column":48},"end":{"line":18,"column":52}},"loc":{"start":{"line":18,"column":65},"end":{"line":18,"column":74}},"line":18},"2":{"name":"(anonymous_2)","decl":{"start":{"line":26,"column":8},"end":{"line":26,"column":23}},"loc":{"start":{"line":26,"column":23},"end":{"line":26,"column":null}},"line":26},"3":{"name":"(anonymous_3)","decl":{"start":{"line":34,"column":15},"end":{"line":34,"column":20}},"loc":{"start":{"line":35,"column":10},"end":{"line":48,"column":null}},"line":35},"4":{"name":"(anonymous_4)","decl":{"start":{"line":43,"column":12},"end":{"line":43,"column":27}},"loc":{"start":{"line":43,"column":27},"end":{"line":43,"column":null}},"line":43},"5":{"name":"(anonymous_5)","decl":{"start":{"line":56,"column":8},"end":{"line":56,"column":23}},"loc":{"start":{"line":56,"column":23},"end":{"line":56,"column":null}},"line":56}},"branchMap":{"0":{"loc":{"start":{"line":14,"column":2},"end":{"line":14,"column":null}},"type":"default-arg","locations":[{"start":{"line":14,"column":13},"end":{"line":14,"column":null}}],"line":14},"1":{"loc":{"start":{"line":16,"column":2},"end":{"line":16,"column":null}},"type":"if","locations":[{"start":{"line":16,"column":2},"end":{"line":16,"column":null}},{"start":{},"end":{}}],"line":16},"2":{"loc":{"start":{"line":27,"column":18},"end":{"line":27,"column":null}},"type":"binary-expr","locations":[{"start":{"line":27,"column":18},"end":{"line":27,"column":30}},{"start":{"line":27,"column":30},"end":{"line":27,"column":null}}],"line":27},"3":{"loc":{"start":{"line":38,"column":14},"end":{"line":40,"column":null}},"type":"cond-expr","locations":[{"start":{"line":39,"column":18},"end":{"line":39,"column":null}},{"start":{"line":40,"column":18},"end":{"line":40,"column":null}}],"line":38},"4":{"loc":{"start":{"line":44,"column":22},"end":{"line":44,"column":null}},"type":"binary-expr","locations":[{"start":{"line":44,"column":22},"end":{"line":44,"column":34}},{"start":{"line":44,"column":34},"end":{"line":44,"column":null}}],"line":44},"5":{"loc":{"start":{"line":45,"column":26},"end":{"line":45,"column":null}},"type":"cond-expr","locations":[{"start":{"line":45,"column":49},"end":{"line":45,"column":58}},{"start":{"line":45,"column":58},"end":{"line":45,"column":null}}],"line":45},"6":{"loc":{"start":{"line":57,"column":18},"end":{"line":57,"column":null}},"type":"binary-expr","locations":[{"start":{"line":57,"column":18},"end":{"line":57,"column":30}},{"start":{"line":57,"column":30},"end":{"line":57,"column":null}}],"line":57}},"s":{"0":6,"1":1,"2":5,"3":25,"4":5,"5":1,"6":25,"7":0,"8":1},"f":{"0":6,"1":25,"2":1,"3":25,"4":0,"5":1},"b":{"0":[6],"1":[1,5],"2":[5,5],"3":[5,20],"4":[25,25],"5":[5,20],"6":[6,5]},"meta":{"lastBranch":7,"lastFunction":6,"lastStatement":9,"seen":{"f:10:24:10:35":0,"b:14:13:14:Infinity":0,"b:16:2:16:Infinity:undefined:undefined:undefined:undefined":1,"s:16:2:16:Infinity":0,"s:16:23:16:Infinity":1,"s:18:16:18:Infinity":2,"f:18:48:18:52":1,"s:18:65:18:74":3,"s:20:2:61:Infinity":4,"f:26:8:26:23":2,"s:26:23:26:Infinity":5,"b:27:18:27:30:27:30:27:Infinity":2,"f:34:15:34:20":3,"s:35:10:48:Infinity":6,"b:39:18:39:Infinity:40:18:40:Infinity":3,"f:43:12:43:27":4,"s:43:27:43:Infinity":7,"b:44:22:44:34:44:34:44:Infinity":4,"b:45:49:45:58:45:58:45:Infinity":5,"f:56:8:56:23":5,"s:56:23:56:Infinity":8,"b:57:18:57:30:57:30:57:Infinity":6}}}
,"C:\\Users\\admin\\Documents\\GitHub\\class-components\\src\\components\\results-table\\results-table.tsx": {"path":"C:\\Users\\admin\\Documents\\GitHub\\class-components\\src\\components\\results-table\\results-table.tsx","statementMap":{"0":{"start":{"line":13,"column":13},"end":{"line":65,"column":null}},"1":{"start":{"line":16,"column":8},"end":{"line":18,"column":null}},"2":{"start":{"line":17,"column":12},"end":{"line":17,"column":null}},"3":{"start":{"line":20,"column":8},"end":{"line":22,"column":null}},"4":{"start":{"line":21,"column":12},"end":{"line":21,"column":null}},"5":{"start":{"line":24,"column":8},"end":{"line":26,"column":null}},"6":{"start":{"line":25,"column":12},"end":{"line":25,"column":null}},"7":{"start":{"line":28,"column":8},"end":{"line":30,"column":null}},"8":{"start":{"line":29,"column":12},"end":{"line":29,"column":null}},"9":{"start":{"line":32,"column":8},"end":{"line":62,"column":null}},"10":{"start":{"line":47,"column":24},"end":{"line":58,"column":null}},"11":{"start":{"line":47,"column":57},"end":{"line":47,"column":null}}},"fnMap":{"0":{"name":"(anonymous_0)","decl":{"start":{"line":13,"column":13},"end":{"line":13,"column":29}},"loc":{"start":{"line":14,"column":49},"end":{"line":65,"column":null}},"line":14},"1":{"name":"(anonymous_1)","decl":{"start":{"line":46,"column":29},"end":{"line":46,"column":34}},"loc":{"start":{"line":47,"column":24},"end":{"line":58,"column":null}},"line":47},"2":{"name":"(anonymous_2)","decl":{"start":{"line":47,"column":42},"end":{"line":47,"column":57}},"loc":{"start":{"line":47,"column":57},"end":{"line":47,"column":null}},"line":47}},"branchMap":{"0":{"loc":{"start":{"line":16,"column":8},"end":{"line":18,"column":null}},"type":"if","locations":[{"start":{"line":16,"column":8},"end":{"line":18,"column":null}},{"start":{},"end":{}}],"line":16},"1":{"loc":{"start":{"line":20,"column":8},"end":{"line":22,"column":null}},"type":"if","locations":[{"start":{"line":20,"column":8},"end":{"line":22,"column":null}},{"start":{},"end":{}}],"line":20},"2":{"loc":{"start":{"line":24,"column":8},"end":{"line":26,"column":null}},"type":"if","locations":[{"start":{"line":24,"column":8},"end":{"line":26,"column":null}},{"start":{},"end":{}}],"line":24},"3":{"loc":{"start":{"line":28,"column":8},"end":{"line":30,"column":null}},"type":"if","locations":[{"start":{"line":28,"column":8},"end":{"line":30,"column":null}},{"start":{},"end":{}}],"line":28},"4":{"loc":{"start":{"line":48,"column":54},"end":{"line":48,"column":null}},"type":"cond-expr","locations":[{"start":{"line":48,"column":88},"end":{"line":48,"column":101}},{"start":{"line":48,"column":101},"end":{"line":48,"column":null}}],"line":48},"5":{"loc":{"start":{"line":51,"column":33},"end":{"line":51,"column":124}},"type":"cond-expr","locations":[{"start":{"line":51,"column":55},"end":{"line":51,"column":66}},{"start":{"line":51,"column":66},"end":{"line":51,"column":124}}],"line":51},"6":{"loc":{"start":{"line":51,"column":66},"end":{"line":51,"column":124}},"type":"cond-expr","locations":[{"start":{"line":51,"column":88},"end":{"line":51,"column":101}},{"start":{"line":51,"column":101},"end":{"line":51,"column":124}}],"line":51},"7":{"loc":{"start":{"line":51,"column":101},"end":{"line":51,"column":124}},"type":"binary-expr","locations":[{"start":{"line":51,"column":101},"end":{"line":51,"column":116}},{"start":{"line":51,"column":116},"end":{"line":51,"column":124}}],"line":51},"8":{"loc":{"start":{"line":53,"column":33},"end":{"line":53,"column":null}},"type":"cond-expr","locations":[{"start":{"line":53,"column":49},"end":{"line":53,"column":64}},{"start":{"line":53,"column":64},"end":{"line":53,"column":null}}],"line":53},"9":{"loc":{"start":{"line":54,"column":33},"end":{"line":54,"column":null}},"type":"binary-expr","locations":[{"start":{"line":54,"column":33},"end":{"line":54,"column":50}},{"start":{"line":54,"column":50},"end":{"line":54,"column":null}}],"line":54},"10":{"loc":{"start":{"line":56,"column":33},"end":{"line":56,"column":87}},"type":"binary-expr","locations":[{"start":{"line":56,"column":33},"end":{"line":56,"column":79}},{"start":{"line":56,"column":79},"end":{"line":56,"column":87}}],"line":56}},"s":{"0":3,"1":72,"2":17,"3":55,"4":3,"5":52,"6":18,"7":34,"8":2,"9":32,"10":60,"11":0},"f":{"0":72,"1":60,"2":0},"b":{"0":[17,55],"1":[3,52],"2":[18,34],"3":[2,32],"4":[0,60],"5":[59,1],"6":[0,1],"7":[1,1],"8":[1,59],"9":[60,1],"10":[60,1]},"meta":{"lastBranch":11,"lastFunction":3,"lastStatement":12,"seen":{"s:13:13:65:Infinity":0,"f:13:13:13:29":0,"b:16:8:18:Infinity:undefined:undefined:undefined:undefined":0,"s:16:8:18:Infinity":1,"s:17:12:17:Infinity":2,"b:20:8:22:Infinity:undefined:undefined:undefined:undefined":1,"s:20:8:22:Infinity":3,"s:21:12:21:Infinity":4,"b:24:8:26:Infinity:undefined:undefined:undefined:undefined":2,"s:24:8:26:Infinity":5,"s:25:12:25:Infinity":6,"b:28:8:30:Infinity:undefined:undefined:undefined:undefined":3,"s:28:8:30:Infinity":7,"s:29:12:29:Infinity":8,"s:32:8:62:Infinity":9,"f:46:29:46:34":1,"s:47:24:58:Infinity":10,"f:47:42:47:57":2,"s:47:57:47:Infinity":11,"b:48:88:48:101:48:101:48:Infinity":4,"b:51:55:51:66:51:66:51:124":5,"b:51:88:51:101:51:101:51:124":6,"b:51:101:51:116:51:116:51:124":7,"b:53:49:53:64:53:64:53:Infinity":8,"b:54:33:54:50:54:50:54:Infinity":9,"b:56:33:56:79:56:79:56:87":10}}}
,"C:\\Users\\admin\\Documents\\GitHub\\class-components\\src\\components\\search-form\\search-form.tsx": {"path":"C:\\Users\\admin\\Documents\\GitHub\\class-components\\src\\components\\search-form\\search-form.tsx","statementMap":{"0":{"start":{"line":10,"column":13},"end":{"line":57,"column":null}},"1":{"start":{"line":11,"column":18},"end":{"line":11,"column":null}},"2":{"start":{"line":13,"column":10},"end":{"line":15,"column":null}},"3":{"start":{"line":14,"column":8},"end":{"line":14,"column":null}},"4":{"start":{"line":17,"column":10},"end":{"line":23,"column":null}},"5":{"start":{"line":18,"column":8},"end":{"line":18,"column":null}},"6":{"start":{"line":19,"column":29},"end":{"line":19,"column":null}},"7":{"start":{"line":20,"column":8},"end":{"line":22,"column":null}},"8":{"start":{"line":21,"column":12},"end":{"line":21,"column":null}},"9":{"start":{"line":25,"column":10},"end":{"line":28,"column":null}},"10":{"start":{"line":26,"column":8},"end":{"line":26,"column":null}},"11":{"start":{"line":27,"column":8},"end":{"line":27,"column":null}},"12":{"start":{"line":30,"column":4},"end":{"line":55,"column":null}}},"fnMap":{"0":{"name":"(anonymous_0)","decl":{"start":{"line":10,"column":13},"end":{"line":10,"column":27}},"loc":{"start":{"line":10,"column":89},"end":{"line":57,"column":null}},"line":10},"1":{"name":"(anonymous_1)","decl":{"start":{"line":13,"column":10},"end":{"line":13,"column":31}},"loc":{"start":{"line":13,"column":74},"end":{"line":15,"column":null}},"line":13},"2":{"name":"(anonymous_2)","decl":{"start":{"line":17,"column":10},"end":{"line":17,"column":26}},"loc":{"start":{"line":17,"column":49},"end":{"line":23,"column":null}},"line":17},"3":{"name":"(anonymous_3)","decl":{"start":{"line":25,"column":10},"end":{"line":25,"column":30}},"loc":{"start":{"line":25,"column":30},"end":{"line":28,"column":null}},"line":25}},"branchMap":{"0":{"loc":{"start":{"line":10,"column":48},"end":{"line":10,"column":89}},"type":"default-arg","locations":[{"start":{"line":10,"column":63},"end":{"line":10,"column":89}}],"line":10},"1":{"loc":{"start":{"line":20,"column":8},"end":{"line":22,"column":null}},"type":"if","locations":[{"start":{"line":20,"column":8},"end":{"line":22,"column":null}},{"start":{},"end":{}}],"line":20},"2":{"loc":{"start":{"line":42,"column":26},"end":{"line":42,"column":null}},"type":"binary-expr","locations":[{"start":{"line":42,"column":26},"end":{"line":42,"column":37}},{"start":{"line":42,"column":37},"end":{"line":42,"column":null}}],"line":42},"3":{"loc":{"start":{"line":45,"column":17},"end":{"line":45,"column":null}},"type":"cond-expr","locations":[{"start":{"line":45,"column":27},"end":{"line":45,"column":44}},{"start":{"line":45,"column":44},"end":{"line":45,"column":null}}],"line":45},"4":{"loc":{"start":{"line":50,"column":26},"end":{"line":50,"column":null}},"type":"binary-expr","locations":[{"start":{"line":50,"column":26},"end":{"line":50,"column":37}},{"start":{"line":50,"column":37},"end":{"line":50,"column":null}}],"line":50}},"s":{"0":3,"1":131,"2":131,"3":66,"4":131,"5":8,"6":8,"7":8,"8":8,"9":131,"10":5,"11":5,"12":131},"f":{"0":131,"1":66,"2":8,"3":5},"b":{"0":[131],"1":[8,0],"2":[131,114],"3":[17,114],"4":[131,114]},"meta":{"lastBranch":5,"lastFunction":4,"lastStatement":13,"seen":{"s:10:13:57:Infinity":0,"f:10:13:10:27":0,"b:10:63:10:89":0,"s:11:18:11:Infinity":1,"s:13:10:15:Infinity":2,"f:13:10:13:31":1,"s:14:8:14:Infinity":3,"s:17:10:23:Infinity":4,"f:17:10:17:26":2,"s:18:8:18:Infinity":5,"s:19:29:19:Infinity":6,"b:20:8:22:Infinity:undefined:undefined:undefined:undefined":1,"s:20:8:22:Infinity":7,"s:21:12:21:Infinity":8,"s:25:10:28:Infinity":9,"f:25:10:25:30":3,"s:26:8:26:Infinity":10,"s:27:8:27:Infinity":11,"s:30:4:55:Infinity":12,"b:42:26:42:37:42:37:42:Infinity":2,"b:45:27:45:44:45:44:45:Infinity":3,"b:50:26:50:37:50:37:50:Infinity":4}}}
,"C:\\Users\\admin\\Documents\\GitHub\\class-components\\src\\components\\search-view\\search-view.tsx": {"path":"C:\\Users\\admin\\Documents\\GitHub\\class-components\\src\\components\\search-view\\search-view.tsx","statementMap":{"0":{"start":{"line":13,"column":20},"end":{"line":13,"column":null}},"1":{"start":{"line":14,"column":23},"end":{"line":14,"column":null}},"2":{"start":{"line":16,"column":13},"end":{"line":153,"column":null}},"3":{"start":{"line":17,"column":23},"end":{"line":17,"column":null}},"4":{"start":{"line":18,"column":20},"end":{"line":18,"column":null}},"5":{"start":{"line":19,"column":18},"end":{"line":19,"column":null}},"6":{"start":{"line":20,"column":24},"end":{"line":22,"column":null}},"7":{"start":{"line":21,"column":8},"end":{"line":21,"column":null}},"8":{"start":{"line":24,"column":25},"end":{"line":24,"column":null}},"9":{"start":{"line":26,"column":24},"end":{"line":26,"column":null}},"10":{"start":{"line":27,"column":32},"end":{"line":27,"column":null}},"11":{"start":{"line":29,"column":10},"end":{"line":38,"column":null}},"12":{"start":{"line":30,"column":8},"end":{"line":30,"column":null}},"13":{"start":{"line":30,"column":37},"end":{"line":30,"column":null}},"14":{"start":{"line":32,"column":29},"end":{"line":32,"column":null}},"15":{"start":{"line":33,"column":8},"end":{"line":33,"column":null}},"16":{"start":{"line":33,"column":27},"end":{"line":33,"column":null}},"17":{"start":{"line":35,"column":8},"end":{"line":37,"column":null}},"18":{"start":{"line":36,"column":12},"end":{"line":36,"column":null}},"19":{"start":{"line":40,"column":23},"end":{"line":40,"column":null}},"20":{"start":{"line":41,"column":10},"end":{"line":41,"column":null}},"21":{"start":{"line":42,"column":29},"end":{"line":42,"column":null}},"22":{"start":{"line":44,"column":10},"end":{"line":52,"column":null}},"23":{"start":{"line":45,"column":26},"end":{"line":45,"column":null}},"24":{"start":{"line":46,"column":8},"end":{"line":50,"column":null}},"25":{"start":{"line":47,"column":12},"end":{"line":47,"column":null}},"26":{"start":{"line":49,"column":12},"end":{"line":49,"column":null}},"27":{"start":{"line":51,"column":8},"end":{"line":51,"column":null}},"28":{"start":{"line":54,"column":10},"end":{"line":58,"column":null}},"29":{"start":{"line":55,"column":26},"end":{"line":55,"column":null}},"30":{"start":{"line":56,"column":8},"end":{"line":56,"column":null}},"31":{"start":{"line":57,"column":8},"end":{"line":57,"column":null}},"32":{"start":{"line":60,"column":10},"end":{"line":64,"column":null}},"33":{"start":{"line":61,"column":26},"end":{"line":61,"column":null}},"34":{"start":{"line":62,"column":8},"end":{"line":62,"column":null}},"35":{"start":{"line":63,"column":8},"end":{"line":63,"column":null}},"36":{"start":{"line":66,"column":10},"end":{"line":73,"column":null}},"37":{"start":{"line":67,"column":24},"end":{"line":67,"column":null}},"38":{"start":{"line":68,"column":8},"end":{"line":68,"column":null}},"39":{"start":{"line":70,"column":8},"end":{"line":72,"column":null}},"40":{"start":{"line":71,"column":12},"end":{"line":71,"column":null}},"41":{"start":{"line":75,"column":4},"end":{"line":97,"column":null}},"42":{"start":{"line":76,"column":24},"end":{"line":76,"column":null}},"43":{"start":{"line":78,"column":26},"end":{"line":93,"column":null}},"44":{"start":{"line":79,"column":12},"end":{"line":79,"column":null}},"45":{"start":{"line":79,"column":28},"end":{"line":79,"column":null}},"46":{"start":{"line":80,"column":12},"end":{"line":80,"column":null}},"47":{"start":{"line":81,"column":12},"end":{"line":81,"column":null}},"48":{"start":{"line":83,"column":12},"end":{"line":92,"column":null}},"49":{"start":{"line":84,"column":29},"end":{"line":84,"column":null}},"50":{"start":{"line":85,"column":16},"end":{"line":85,"column":null}},"51":{"start":{"line":85,"column":31},"end":{"line":85,"column":null}},"52":{"start":{"line":87,"column":16},"end":{"line":89,"column":null}},"53":{"start":{"line":88,"column":20},"end":{"line":88,"column":null}},"54":{"start":{"line":91,"column":16},"end":{"line":91,"column":null}},"55":{"start":{"line":91,"column":31},"end":{"line":91,"column":null}},"56":{"start":{"line":95,"column":8},"end":{"line":95,"column":null}},"57":{"start":{"line":96,"column":8},"end":{"line":96,"column":null}},"58":{"start":{"line":96,"column":23},"end":{"line":96,"column":42}},"59":{"start":{"line":99,"column":4},"end":{"line":105,"column":null}},"60":{"start":{"line":100,"column":8},"end":{"line":104,"column":null}},"61":{"start":{"line":101,"column":12},"end":{"line":101,"column":null}},"62":{"start":{"line":103,"column":12},"end":{"line":103,"column":null}},"63":{"start":{"line":107,"column":4},"end":{"line":151,"column":null}}},"fnMap":{"0":{"name":"(anonymous_0)","decl":{"start":{"line":16,"column":13},"end":{"line":16,"column":32}},"loc":{"start":{"line":16,"column":32},"end":{"line":153,"column":null}},"line":16},"1":{"name":"(anonymous_1)","decl":{"start":{"line":20,"column":42},"end":{"line":20,"column":57}},"loc":{"start":{"line":20,"column":57},"end":{"line":22,"column":5}},"line":20},"2":{"name":"(anonymous_2)","decl":{"start":{"line":29,"column":28},"end":{"line":29,"column":42}},"loc":{"start":{"line":29,"column":42},"end":{"line":38,"column":7}},"line":29},"3":{"name":"(anonymous_3)","decl":{"start":{"line":35,"column":26},"end":{"line":35,"column":33}},"loc":{"start":{"line":36,"column":12},"end":{"line":36,"column":null}},"line":36},"4":{"name":"(anonymous_4)","decl":{"start":{"line":44,"column":21},"end":{"line":44,"column":34}},"loc":{"start":{"line":44,"column":51},"end":{"line":52,"column":7}},"line":44},"5":{"name":"(anonymous_5)","decl":{"start":{"line":54,"column":28},"end":{"line":54,"column":41}},"loc":{"start":{"line":54,"column":56},"end":{"line":58,"column":7}},"line":54},"6":{"name":"(anonymous_6)","decl":{"start":{"line":60,"column":25},"end":{"line":60,"column":43}},"loc":{"start":{"line":60,"column":43},"end":{"line":64,"column":7}},"line":60},"7":{"name":"(anonymous_7)","decl":{"start":{"line":66,"column":25},"end":{"line":66,"column":38}},"loc":{"start":{"line":66,"column":56},"end":{"line":73,"column":7}},"line":66},"8":{"name":"(anonymous_8)","decl":{"start":{"line":75,"column":4},"end":{"line":75,"column":20}},"loc":{"start":{"line":75,"column":20},"end":{"line":97,"column":7}},"line":75},"9":{"name":"(anonymous_9)","decl":{"start":{"line":78,"column":26},"end":{"line":78,"column":38}},"loc":{"start":{"line":78,"column":38},"end":{"line":93,"column":null}},"line":78},"10":{"name":"(anonymous_10)","decl":{"start":{"line":96,"column":8},"end":{"line":96,"column":21}},"loc":{"start":{"line":96,"column":21},"end":{"line":96,"column":null}},"line":96},"11":{"name":"(anonymous_11)","decl":{"start":{"line":99,"column":4},"end":{"line":99,"column":20}},"loc":{"start":{"line":99,"column":20},"end":{"line":105,"column":7}},"line":99}},"branchMap":{"0":{"loc":{"start":{"line":21,"column":15},"end":{"line":21,"column":null}},"type":"binary-expr","locations":[{"start":{"line":21,"column":15},"end":{"line":21,"column":52}},{"start":{"line":21,"column":52},"end":{"line":21,"column":null}}],"line":21},"1":{"loc":{"start":{"line":26,"column":24},"end":{"line":26,"column":null}},"type":"binary-expr","locations":[{"start":{"line":26,"column":24},"end":{"line":26,"column":60}},{"start":{"line":26,"column":60},"end":{"line":26,"column":null}}],"line":26},"2":{"loc":{"start":{"line":30,"column":8},"end":{"line":30,"column":null}},"type":"if","locations":[{"start":{"line":30,"column":8},"end":{"line":30,"column":null}},{"start":{},"end":{}}],"line":30},"3":{"loc":{"start":{"line":33,"column":8},"end":{"line":33,"column":null}},"type":"if","locations":[{"start":{"line":33,"column":8},"end":{"line":33,"column":null}},{"start":{},"end":{}}],"line":33},"4":{"loc":{"start":{"line":46,"column":8},"end":{"line":50,"column":null}},"type":"if","locations":[{"start":{"line":46,"column":8},"end":{"line":50,"column":null}},{"start":{"line":48,"column":15},"end":{"line":50,"column":null}}],"line":46},"5":{"loc":{"start":{"line":70,"column":8},"end":{"line":72,"column":null}},"type":"if","locations":[{"start":{"line":70,"column":8},"end":{"line":72,"column":null}},{"start":{},"end":{}}],"line":70},"6":{"loc":{"start":{"line":79,"column":12},"end":{"line":79,"column":null}},"type":"if","locations":[{"start":{"line":79,"column":12},"end":{"line":79,"column":null}},{"start":{},"end":{}}],"line":79},"7":{"loc":{"start":{"line":85,"column":16},"end":{"line":85,"column":null}},"type":"if","locations":[{"start":{"line":85,"column":16},"end":{"line":85,"column":null}},{"start":{},"end":{}}],"line":85},"8":{"loc":{"start":{"line":87,"column":16},"end":{"line":89,"column":null}},"type":"if","locations":[{"start":{"line":87,"column":16},"end":{"line":89,"column":null}},{"start":{},"end":{}}],"line":87},"9":{"loc":{"start":{"line":88,"column":29},"end":{"line":88,"column":87}},"type":"cond-expr","locations":[{"start":{"line":88,"column":52},"end":{"line":88,"column":66}},{"start":{"line":88,"column":66},"end":{"line":88,"column":87}}],"line":88},"10":{"loc":{"start":{"line":91,"column":16},"end":{"line":91,"column":null}},"type":"if","locations":[{"start":{"line":91,"column":16},"end":{"line":91,"column":null}},{"start":{},"end":{}}],"line":91},"11":{"loc":{"start":{"line":100,"column":8},"end":{"line":104,"column":null}},"type":"if","locations":[{"start":{"line":100,"column":8},"end":{"line":104,"column":null}},{"start":{"line":102,"column":15},"end":{"line":104,"column":null}}],"line":100},"12":{"loc":{"start":{"line":109,"column":13},"end":{"line":111,"column":13}},"type":"binary-expr","locations":[{"start":{"line":109,"column":13},"end":{"line":109,"column":24}},{"start":{"line":109,"column":24},"end":{"line":111,"column":13}}],"line":109},"13":{"loc":{"start":{"line":111,"column":45},"end":{"line":111,"column":null}},"type":"cond-expr","locations":[{"start":{"line":111,"column":67},"end":{"line":111,"column":84}},{"start":{"line":111,"column":84},"end":{"line":111,"column":null}}],"line":111},"14":{"loc":{"start":{"line":128,"column":41},"end":{"line":128,"column":null}},"type":"binary-expr","locations":[{"start":{"line":128,"column":41},"end":{"line":128,"column":53}},{"start":{"line":128,"column":53},"end":{"line":128,"column":null}}],"line":128},"15":{"loc":{"start":{"line":133,"column":25},"end":{"line":139,"column":null}},"type":"binary-expr","locations":[{"start":{"line":133,"column":25},"end":{"line":133,"column":37}},{"start":{"line":133,"column":37},"end":{"line":133,"column":47}},{"start":{"line":133,"column":47},"end":{"line":133,"column":null}},{"start":{"line":134,"column":28},"end":{"line":139,"column":null}}],"line":133}},"s":{"0":2,"1":2,"2":2,"3":58,"4":58,"5":58,"6":58,"7":16,"8":58,"9":58,"10":58,"11":58,"12":40,"13":17,"14":23,"15":23,"16":13,"17":10,"18":30,"19":58,"20":58,"21":58,"22":58,"23":0,"24":0,"25":0,"26":0,"27":0,"28":58,"29":0,"30":0,"31":0,"32":58,"33":0,"34":0,"35":0,"36":58,"37":11,"38":11,"39":11,"40":0,"41":58,"42":16,"43":16,"44":16,"45":0,"46":16,"47":16,"48":16,"49":16,"50":13,"51":13,"52":2,"53":2,"54":15,"55":15,"56":16,"57":16,"58":16,"59":58,"60":27,"61":10,"62":17,"63":58},"f":{"0":58,"1":16,"2":40,"3":30,"4":0,"5":0,"6":0,"7":11,"8":16,"9":16,"10":16,"11":27},"b":{"0":[16,13],"1":[58,58],"2":[17,23],"3":[13,10],"4":[0,0],"5":[0,11],"6":[0,16],"7":[13,0],"8":[2,0],"9":[2,0],"10":[15,0],"11":[10,17],"12":[58,16],"13":[0,58],"14":[58,42],"15":[58,42,40,0]},"meta":{"lastBranch":16,"lastFunction":12,"lastStatement":64,"seen":{"s:13:20:13:Infinity":0,"s:14:23:14:Infinity":1,"s:16:13:153:Infinity":2,"f:16:13:16:32":0,"s:17:23:17:Infinity":3,"s:18:20:18:Infinity":4,"s:19:18:19:Infinity":5,"s:20:24:22:Infinity":6,"f:20:42:20:57":1,"s:21:8:21:Infinity":7,"b:21:15:21:52:21:52:21:Infinity":0,"s:24:25:24:Infinity":8,"s:26:24:26:Infinity":9,"b:26:24:26:60:26:60:26:Infinity":1,"s:27:32:27:Infinity":10,"s:29:10:38:Infinity":11,"f:29:28:29:42":2,"b:30:8:30:Infinity:undefined:undefined:undefined:undefined":2,"s:30:8:30:Infinity":12,"s:30:37:30:Infinity":13,"s:32:29:32:Infinity":14,"b:33:8:33:Infinity:undefined:undefined:undefined:undefined":3,"s:33:8:33:Infinity":15,"s:33:27:33:Infinity":16,"s:35:8:37:Infinity":17,"f:35:26:35:33":3,"s:36:12:36:Infinity":18,"s:40:23:40:Infinity":19,"s:41:10:41:Infinity":20,"s:42:29:42:Infinity":21,"s:44:10:52:Infinity":22,"f:44:21:44:34":4,"s:45:26:45:Infinity":23,"b:46:8:50:Infinity:48:15:50:Infinity":4,"s:46:8:50:Infinity":24,"s:47:12:47:Infinity":25,"s:49:12:49:Infinity":26,"s:51:8:51:Infinity":27,"s:54:10:58:Infinity":28,"f:54:28:54:41":5,"s:55:26:55:Infinity":29,"s:56:8:56:Infinity":30,"s:57:8:57:Infinity":31,"s:60:10:64:Infinity":32,"f:60:25:60:43":6,"s:61:26:61:Infinity":33,"s:62:8:62:Infinity":34,"s:63:8:63:Infinity":35,"s:66:10:73:Infinity":36,"f:66:25:66:38":7,"s:67:24:67:Infinity":37,"s:68:8:68:Infinity":38,"b:70:8:72:Infinity:undefined:undefined:undefined:undefined":5,"s:70:8:72:Infinity":39,"s:71:12:71:Infinity":40,"s:75:4:97:Infinity":41,"f:75:4:75:20":8,"s:76:24:76:Infinity":42,"s:78:26:93:Infinity":43,"f:78:26:78:38":9,"b:79:12:79:Infinity:undefined:undefined:undefined:undefined":6,"s:79:12:79:Infinity":44,"s:79:28:79:Infinity":45,"s:80:12:80:Infinity":46,"s:81:12:81:Infinity":47,"s:83:12:92:Infinity":48,"s:84:29:84:Infinity":49,"b:85:16:85:Infinity:undefined:undefined:undefined:undefined":7,"s:85:16:85:Infinity":50,"s:85:31:85:Infinity":51,"b:87:16:89:Infinity:undefined:undefined:undefined:undefined":8,"s:87:16:89:Infinity":52,"s:88:20:88:Infinity":53,"b:88:52:88:66:88:66:88:87":9,"b:91:16:91:Infinity:undefined:undefined:undefined:undefined":10,"s:91:16:91:Infinity":54,"s:91:31:91:Infinity":55,"s:95:8:95:Infinity":56,"s:96:8:96:Infinity":57,"f:96:8:96:21":10,"s:96:23:96:42":58,"s:99:4:105:Infinity":59,"f:99:4:99:20":11,"b:100:8:104:Infinity:102:15:104:Infinity":11,"s:100:8:104:Infinity":60,"s:101:12:101:Infinity":61,"s:103:12:103:Infinity":62,"s:107:4:151:Infinity":63,"b:109:13:109:24:109:24:111:13":12,"b:111:67:111:84:111:84:111:Infinity":13,"b:128:41:128:53:128:53:128:Infinity":14,"b:133:25:133:37:133:37:133:47:133:47:133:Infinity:134:28:139:Infinity":15}}}
,"C:\\Users\\admin\\Documents\\GitHub\\class-components\\src\\pages\\index.ts": {"path":"C:\\Users\\admin\\Documents\\GitHub\\class-components\\src\\pages\\index.ts","statementMap":{},"fnMap":{},"branchMap":{},"s":{},"f":{},"b":{},"meta":{"lastBranch":0,"lastFunction":0,"lastStatement":0,"seen":{}}}
,"C:\\Users\\admin\\Documents\\GitHub\\class-components\\src\\pages\\about-us\\index.tsx": {"path":"C:\\Users\\admin\\Documents\\GitHub\\class-components\\src\\pages\\about-us\\index.tsx","statementMap":{"0":{"start":{"line":3,"column":13},"end":{"line":86,"column":null}},"1":{"start":{"line":4,"column":4},"end":{"line":84,"column":null}}},"fnMap":{"0":{"name":"(anonymous_0)","decl":{"start":{"line":3,"column":13},"end":{"line":3,"column":33}},"loc":{"start":{"line":3,"column":33},"end":{"line":86,"column":null}},"line":3}},"branchMap":{},"s":{"0":1,"1":0},"f":{"0":0},"b":{},"meta":{"lastBranch":0,"lastFunction":1,"lastStatement":2,"seen":{"s:3:13:86:Infinity":0,"f:3:13:3:33":0,"s:4:4:84:Infinity":1}}}
,"C:\\Users\\admin\\Documents\\GitHub\\class-components\\src\\pages\\home\\index.tsx": {"path":"C:\\Users\\admin\\Documents\\GitHub\\class-components\\src\\pages\\home\\index.tsx","statementMap":{"0":{"start":{"line":3,"column":13},"end":{"line":7,"column":null}},"1":{"start":{"line":4,"column":4},"end":{"line":5,"column":null}}},"fnMap":{"0":{"name":"(anonymous_0)","decl":{"start":{"line":3,"column":13},"end":{"line":3,"column":30}},"loc":{"start":{"line":3,"column":30},"end":{"line":7,"column":null}},"line":3}},"branchMap":{},"s":{"0":1,"1":0},"f":{"0":0},"b":{},"meta":{"lastBranch":0,"lastFunction":1,"lastStatement":2,"seen":{"s:3:13:7:Infinity":0,"f:3:13:3:30":0,"s:4:4:5:Infinity":1}}}
,"C:\\Users\\admin\\Documents\\GitHub\\class-components\\src\\pages\\not-found\\index.tsx": {"path":"C:\\Users\\admin\\Documents\\GitHub\\class-components\\src\\pages\\not-found\\index.tsx","statementMap":{"0":{"start":{"line":5,"column":13},"end":{"line":16,"column":null}},"1":{"start":{"line":6,"column":2},"end":{"line":14,"column":null}}},"fnMap":{"0":{"name":"(anonymous_0)","decl":{"start":{"line":5,"column":13},"end":{"line":5,"column":34}},"loc":{"start":{"line":5,"column":34},"end":{"line":16,"column":null}},"line":5}},"branchMap":{},"s":{"0":1,"1":0},"f":{"0":0},"b":{},"meta":{"lastBranch":0,"lastFunction":1,"lastStatement":2,"seen":{"s:5:13:16:Infinity":0,"f:5:13:5:34":0,"s:6:2:14:Infinity":1}}}
,"C:\\Users\\admin\\Documents\\GitHub\\class-components\\src\\shared\\routes.ts": {"path":"C:\\Users\\admin\\Documents\\GitHub\\class-components\\src\\shared\\routes.ts","statementMap":{"0":{"start":{"line":1,"column":22},"end":{"line":5,"column":null}}},"fnMap":{},"branchMap":{},"s":{"0":2},"f":{},"b":{},"meta":{"lastBranch":0,"lastFunction":0,"lastStatement":1,"seen":{"s:1:22:5:Infinity":0}}}
}
