{"C:\\Users\\admin\\Documents\\GitHub\\class-components\\src\\App.tsx": {"path":"C:\\Users\\admin\\Documents\\GitHub\\class-components\\src\\App.tsx","statementMap":{"0":{"start":{"line":4,"column":13},"end":{"line":14,"column":null}},"1":{"start":{"line":5,"column":2},"end":{"line":12,"column":null}}},"fnMap":{"0":{"name":"(anonymous_0)","decl":{"start":{"line":4,"column":13},"end":{"line":4,"column":25}},"loc":{"start":{"line":4,"column":25},"end":{"line":14,"column":null}},"line":4}},"branchMap":{},"s":{"0":1,"1":1},"f":{"0":1},"b":{},"meta":{"lastBranch":0,"lastFunction":1,"lastStatement":2,"seen":{"s:4:13:14:Infinity":0,"f:4:13:4:25":0,"s:5:2:12:Infinity":1}}}
,"C:\\Users\\admin\\Documents\\GitHub\\class-components\\src\\api.ts": {"path":"C:\\Users\\admin\\Documents\\GitHub\\class-components\\src\\api.ts","statementMap":{"0":{"start":{"line":3,"column":23},"end":{"line":3,"column":null}},"1":{"start":{"line":5,"column":32},"end":{"line":27,"column":null}},"2":{"start":{"line":6,"column":16},"end":{"line":6,"column":null}},"3":{"start":{"line":8,"column":21},"end":{"line":8,"column":null}},"4":{"start":{"line":9,"column":4},"end":{"line":9,"column":null}},"5":{"start":{"line":10,"column":4},"end":{"line":10,"column":null}},"6":{"start":{"line":11,"column":4},"end":{"line":11,"column":null}},"7":{"start":{"line":13,"column":21},"end":{"line":19,"column":null}},"8":{"start":{"line":21,"column":4},"end":{"line":23,"column":null}},"9":{"start":{"line":22,"column":8},"end":{"line":22,"column":null}},"10":{"start":{"line":25,"column":17},"end":{"line":25,"column":null}},"11":{"start":{"line":26,"column":4},"end":{"line":26,"column":null}},"12":{"start":{"line":29,"column":37},"end":{"line":39,"column":null}},"13":{"start":{"line":30,"column":16},"end":{"line":30,"column":null}},"14":{"start":{"line":31,"column":21},"end":{"line":31,"column":null}},"15":{"start":{"line":33,"column":4},"end":{"line":35,"column":null}},"16":{"start":{"line":34,"column":8},"end":{"line":34,"column":null}},"17":{"start":{"line":37,"column":17},"end":{"line":37,"column":null}},"18":{"start":{"line":38,"column":4},"end":{"line":38,"column":null}},"19":{"start":{"line":41,"column":13},"end":{"line":75,"column":null}},"20":{"start":{"line":42,"column":30},"end":{"line":42,"column":null}},"21":{"start":{"line":44,"column":4},"end":{"line":49,"column":null}},"22":{"start":{"line":45,"column":27},"end":{"line":47,"column":null}},"23":{"start":{"line":48,"column":8},"end":{"line":48,"column":null}},"24":{"start":{"line":51,"column":4},"end":{"line":53,"column":null}},"25":{"start":{"line":52,"column":8},"end":{"line":52,"column":null}},"26":{"start":{"line":55,"column":4},"end":{"line":57,"column":null}},"27":{"start":{"line":56,"column":8},"end":{"line":56,"column":null}},"28":{"start":{"line":59,"column":4},"end":{"line":61,"column":null}},"29":{"start":{"line":60,"column":8},"end":{"line":60,"column":null}},"30":{"start":{"line":63,"column":4},"end":{"line":68,"column":null}},"31":{"start":{"line":64,"column":25},"end":{"line":66,"column":null}},"32":{"start":{"line":67,"column":8},"end":{"line":67,"column":null}},"33":{"start":{"line":70,"column":4},"end":{"line":72,"column":null}},"34":{"start":{"line":71,"column":8},"end":{"line":71,"column":null}},"35":{"start":{"line":74,"column":4},"end":{"line":74,"column":null}},"36":{"start":{"line":77,"column":44},"end":{"line":110,"column":null}},"37":{"start":{"line":78,"column":23},"end":{"line":78,"column":null}},"38":{"start":{"line":80,"column":4},"end":{"line":82,"column":null}},"39":{"start":{"line":81,"column":8},"end":{"line":81,"column":null}},"40":{"start":{"line":84,"column":36},"end":{"line":84,"column":null}},"41":{"start":{"line":86,"column":4},"end":{"line":108,"column":null}},"42":{"start":{"line":87,"column":8},"end":{"line":107,"column":null}},"43":{"start":{"line":88,"column":28},"end":{"line":88,"column":null}},"44":{"start":{"line":90,"column":12},"end":{"line":100,"column":null}},"45":{"start":{"line":99,"column":65},"end":{"line":99,"column":73}},"46":{"start":{"line":102,"column":12},"end":{"line":106,"column":null}},"47":{"start":{"line":109,"column":4},"end":{"line":109,"column":null}}},"fnMap":{"0":{"name":"(anonymous_0)","decl":{"start":{"line":5,"column":32},"end":{"line":5,"column":39}},"loc":{"start":{"line":5,"column":114},"end":{"line":27,"column":null}},"line":5},"1":{"name":"(anonymous_1)","decl":{"start":{"line":29,"column":37},"end":{"line":29,"column":44}},"loc":{"start":{"line":29,"column":85},"end":{"line":39,"column":null}},"line":29},"2":{"name":"(anonymous_2)","decl":{"start":{"line":41,"column":13},"end":{"line":41,"column":36}},"loc":{"start":{"line":41,"column":74},"end":{"line":75,"column":null}},"line":41},"3":{"name":"(anonymous_3)","decl":{"start":{"line":77,"column":44},"end":{"line":77,"column":81}},"loc":{"start":{"line":77,"column":81},"end":{"line":110,"column":null}},"line":77},"4":{"name":"(anonymous_4)","decl":{"start":{"line":99,"column":54},"end":{"line":99,"column":58}},"loc":{"start":{"line":99,"column":65},"end":{"line":99,"column":73}},"line":99}},"branchMap":{"0":{"loc":{"start":{"line":5,"column":53},"end":{"line":5,"column":69}},"type":"default-arg","locations":[{"start":{"line":5,"column":66},"end":{"line":5,"column":69}}],"line":5},"1":{"loc":{"start":{"line":5,"column":69},"end":{"line":5,"column":114}},"type":"default-arg","locations":[{"start":{"line":5,"column":80},"end":{"line":5,"column":114}}],"line":5},"2":{"loc":{"start":{"line":21,"column":4},"end":{"line":23,"column":null}},"type":"if","locations":[{"start":{"line":21,"column":4},"end":{"line":23,"column":null}},{"start":{},"end":{}}],"line":21},"3":{"loc":{"start":{"line":26,"column":11},"end":{"line":26,"column":null}},"type":"binary-expr","locations":[{"start":{"line":26,"column":11},"end":{"line":26,"column":30}},{"start":{"line":26,"column":30},"end":{"line":26,"column":null}}],"line":26},"4":{"loc":{"start":{"line":33,"column":4},"end":{"line":35,"column":null}},"type":"if","locations":[{"start":{"line":33,"column":4},"end":{"line":35,"column":null}},{"start":{},"end":{}}],"line":33},"5":{"loc":{"start":{"line":44,"column":4},"end":{"line":49,"column":null}},"type":"if","locations":[{"start":{"line":44,"column":4},"end":{"line":49,"column":null}},{"start":{},"end":{}}],"line":44},"6":{"loc":{"start":{"line":45,"column":27},"end":{"line":47,"column":null}},"type":"cond-expr","locations":[{"start":{"line":45,"column":54},"end":{"line":45,"column":null}},{"start":{"line":46,"column":26},"end":{"line":47,"column":null}}],"line":45},"7":{"loc":{"start":{"line":46,"column":26},"end":{"line":47,"column":null}},"type":"cond-expr","locations":[{"start":{"line":46,"column":53},"end":{"line":46,"column":null}},{"start":{"line":47,"column":26},"end":{"line":47,"column":null}}],"line":46},"8":{"loc":{"start":{"line":51,"column":4},"end":{"line":53,"column":null}},"type":"if","locations":[{"start":{"line":51,"column":4},"end":{"line":53,"column":null}},{"start":{},"end":{}}],"line":51},"9":{"loc":{"start":{"line":55,"column":4},"end":{"line":57,"column":null}},"type":"if","locations":[{"start":{"line":55,"column":4},"end":{"line":57,"column":null}},{"start":{},"end":{}}],"line":55},"10":{"loc":{"start":{"line":59,"column":4},"end":{"line":61,"column":null}},"type":"if","locations":[{"start":{"line":59,"column":4},"end":{"line":61,"column":null}},{"start":{},"end":{}}],"line":59},"11":{"loc":{"start":{"line":63,"column":4},"end":{"line":68,"column":null}},"type":"if","locations":[{"start":{"line":63,"column":4},"end":{"line":68,"column":null}},{"start":{},"end":{}}],"line":63},"12":{"loc":{"start":{"line":64,"column":25},"end":{"line":66,"column":null}},"type":"cond-expr","locations":[{"start":{"line":65,"column":14},"end":{"line":65,"column":null}},{"start":{"line":66,"column":14},"end":{"line":66,"column":null}}],"line":64},"13":{"loc":{"start":{"line":70,"column":4},"end":{"line":72,"column":null}},"type":"if","locations":[{"start":{"line":70,"column":4},"end":{"line":72,"column":null}},{"start":{},"end":{}}],"line":70},"14":{"loc":{"start":{"line":80,"column":4},"end":{"line":82,"column":null}},"type":"if","locations":[{"start":{"line":80,"column":4},"end":{"line":82,"column":null}},{"start":{},"end":{}}],"line":80}},"s":{"0":3,"1":3,"2":8,"3":8,"4":8,"5":8,"6":8,"7":8,"8":7,"9":1,"10":6,"11":6,"12":3,"13":5,"14":5,"15":5,"16":2,"17":3,"18":3,"19":3,"20":7,"21":7,"22":3,"23":3,"24":7,"25":1,"26":7,"27":1,"28":7,"29":0,"30":7,"31":3,"32":3,"33":7,"34":1,"35":6,"36":3,"37":4,"38":3,"39":1,"40":2,"41":2,"42":3,"43":3,"44":2,"45":0,"46":1,"47":2},"f":{"0":8,"1":5,"2":7,"3":4,"4":0},"b":{"0":[8],"1":[8],"2":[1,6],"3":[6,1],"4":[2,3],"5":[3,4],"6":[3,0],"7":[0,0],"8":[1,6],"9":[1,6],"10":[0,7],"11":[3,4],"12":[1,2],"13":[1,6],"14":[1,2]},"meta":{"lastBranch":15,"lastFunction":5,"lastStatement":48,"seen":{"s:3:23:3:Infinity":0,"s:5:32:27:Infinity":1,"f:5:32:5:39":0,"b:5:66:5:69":0,"b:5:80:5:114":1,"s:6:16:6:Infinity":2,"s:8:21:8:Infinity":3,"s:9:4:9:Infinity":4,"s:10:4:10:Infinity":5,"s:11:4:11:Infinity":6,"s:13:21:19:Infinity":7,"b:21:4:23:Infinity:undefined:undefined:undefined:undefined":2,"s:21:4:23:Infinity":8,"s:22:8:22:Infinity":9,"s:25:17:25:Infinity":10,"s:26:4:26:Infinity":11,"b:26:11:26:30:26:30:26:Infinity":3,"s:29:37:39:Infinity":12,"f:29:37:29:44":1,"s:30:16:30:Infinity":13,"s:31:21:31:Infinity":14,"b:33:4:35:Infinity:undefined:undefined:undefined:undefined":4,"s:33:4:35:Infinity":15,"s:34:8:34:Infinity":16,"s:37:17:37:Infinity":17,"s:38:4:38:Infinity":18,"s:41:13:75:Infinity":19,"f:41:13:41:36":2,"s:42:30:42:Infinity":20,"b:44:4:49:Infinity:undefined:undefined:undefined:undefined":5,"s:44:4:49:Infinity":21,"s:45:27:47:Infinity":22,"b:45:54:45:Infinity:46:26:47:Infinity":6,"b:46:53:46:Infinity:47:26:47:Infinity":7,"s:48:8:48:Infinity":23,"b:51:4:53:Infinity:undefined:undefined:undefined:undefined":8,"s:51:4:53:Infinity":24,"s:52:8:52:Infinity":25,"b:55:4:57:Infinity:undefined:undefined:undefined:undefined":9,"s:55:4:57:Infinity":26,"s:56:8:56:Infinity":27,"b:59:4:61:Infinity:undefined:undefined:undefined:undefined":10,"s:59:4:61:Infinity":28,"s:60:8:60:Infinity":29,"b:63:4:68:Infinity:undefined:undefined:undefined:undefined":11,"s:63:4:68:Infinity":30,"s:64:25:66:Infinity":31,"b:65:14:65:Infinity:66:14:66:Infinity":12,"s:67:8:67:Infinity":32,"b:70:4:72:Infinity:undefined:undefined:undefined:undefined":13,"s:70:4:72:Infinity":33,"s:71:8:71:Infinity":34,"s:74:4:74:Infinity":35,"s:77:44:110:Infinity":36,"f:77:44:77:81":3,"s:78:23:78:Infinity":37,"b:80:4:82:Infinity:undefined:undefined:undefined:undefined":14,"s:80:4:82:Infinity":38,"s:81:8:81:Infinity":39,"s:84:36:84:Infinity":40,"s:86:4:108:Infinity":41,"s:87:8:107:Infinity":42,"s:88:28:88:Infinity":43,"s:90:12:100:Infinity":44,"f:99:54:99:58":4,"s:99:65:99:73":45,"s:102:12:106:Infinity":46,"s:109:4:109:Infinity":47}}}
,"C:\\Users\\admin\\Documents\\GitHub\\class-components\\src\\components\\__tests__\\test-utils.tsx": {"path":"C:\\Users\\admin\\Documents\\GitHub\\class-components\\src\\components\\__tests__\\test-utils.tsx","statementMap":{"0":{"start":{"line":15,"column":6},"end":{"line":18,"column":null}},"1":{"start":{"line":17,"column":2},"end":{"line":18,"column":null}},"2":{"start":{"line":20,"column":6},"end":{"line":22,"column":null}},"3":{"start":{"line":21,"column":2},"end":{"line":21,"column":null}}},"fnMap":{"0":{"name":"(anonymous_0)","decl":{"start":{"line":15,"column":6},"end":{"line":15,"column":null}},"loc":{"start":{"line":17,"column":2},"end":{"line":18,"column":null}},"line":17},"1":{"name":"(anonymous_1)","decl":{"start":{"line":20,"column":6},"end":{"line":20,"column":33}},"loc":{"start":{"line":20,"column":54},"end":{"line":22,"column":null}},"line":20}},"branchMap":{},"s":{"0":11,"1":59,"2":11,"3":0},"f":{"0":59,"1":0},"b":{},"meta":{"lastBranch":0,"lastFunction":2,"lastStatement":4,"seen":{"s:15:6:18:Infinity":0,"f:15:6:15:Infinity":0,"s:17:2:18:Infinity":1,"s:20:6:22:Infinity":2,"f:20:6:20:33":1,"s:21:2:21:Infinity":3}}}
,"C:\\Users\\admin\\Documents\\GitHub\\class-components\\src\\components\\app\\app.tsx": {"path":"C:\\Users\\admin\\Documents\\GitHub\\class-components\\src\\components\\app\\app.tsx","statementMap":{"0":{"start":{"line":11,"column":20},"end":{"line":11,"column":null}},"1":{"start":{"line":22,"column":38},"end":{"line":22,"column":null}},"2":{"start":{"line":24,"column":22},"end":{"line":30,"column":null}},"3":{"start":{"line":42,"column":18},"end":{"line":59,"column":null}},"4":{"start":{"line":61,"column":4},"end":{"line":79,"column":null}},"5":{"start":{"line":81,"column":4},"end":{"line":93,"column":null}},"6":{"start":{"line":95,"column":4},"end":{"line":95,"column":null}},"7":{"start":{"line":33,"column":8},"end":{"line":33,"column":null}},"8":{"start":{"line":35,"column":27},"end":{"line":35,"column":null}},"9":{"start":{"line":36,"column":8},"end":{"line":39,"column":null}},"10":{"start":{"line":37,"column":12},"end":{"line":37,"column":null}},"11":{"start":{"line":38,"column":12},"end":{"line":38,"column":null}},"12":{"start":{"line":43,"column":8},"end":{"line":43,"column":null}},"13":{"start":{"line":45,"column":8},"end":{"line":58,"column":null}},"14":{"start":{"line":46,"column":25},"end":{"line":46,"column":null}},"15":{"start":{"line":47,"column":12},"end":{"line":52,"column":null}},"16":{"start":{"line":54,"column":12},"end":{"line":57,"column":null}},"17":{"start":{"line":62,"column":31},"end":{"line":62,"column":null}},"18":{"start":{"line":63,"column":29},"end":{"line":63,"column":null}},"19":{"start":{"line":65,"column":8},"end":{"line":70,"column":null}},"20":{"start":{"line":66,"column":12},"end":{"line":66,"column":null}},"21":{"start":{"line":67,"column":12},"end":{"line":67,"column":null}},"22":{"start":{"line":68,"column":12},"end":{"line":68,"column":null}},"23":{"start":{"line":69,"column":12},"end":{"line":69,"column":null}},"24":{"start":{"line":72,"column":25},"end":{"line":74,"column":null}},"25":{"start":{"line":73,"column":12},"end":{"line":73,"column":null}},"26":{"start":{"line":76,"column":8},"end":{"line":76,"column":null}},"27":{"start":{"line":77,"column":8},"end":{"line":77,"column":null}},"28":{"start":{"line":78,"column":8},"end":{"line":78,"column":null}},"29":{"start":{"line":82,"column":29},"end":{"line":82,"column":null}},"30":{"start":{"line":84,"column":8},"end":{"line":86,"column":null}},"31":{"start":{"line":85,"column":12},"end":{"line":85,"column":null}},"32":{"start":{"line":88,"column":8},"end":{"line":90,"column":null}},"33":{"start":{"line":89,"column":12},"end":{"line":89,"column":null}},"34":{"start":{"line":92,"column":8},"end":{"line":92,"column":null}},"35":{"start":{"line":98,"column":63},"end":{"line":98,"column":null}},"36":{"start":{"line":99,"column":29},"end":{"line":99,"column":null}},"37":{"start":{"line":101,"column":8},"end":{"line":125,"column":null}}},"fnMap":{"0":{"name":"(anonymous_0)","decl":{"start":{"line":32,"column":10},"end":{"line":32,"column":30}},"loc":{"start":{"line":32,"column":30},"end":{"line":40,"column":null}},"line":32},"1":{"name":"(anonymous_1)","decl":{"start":{"line":42,"column":18},"end":{"line":42,"column":30}},"loc":{"start":{"line":42,"column":30},"end":{"line":59,"column":null}},"line":42},"2":{"name":"(anonymous_2)","decl":{"start":{"line":61,"column":4},"end":{"line":61,"column":21}},"loc":{"start":{"line":61,"column":45},"end":{"line":79,"column":null}},"line":61},"3":{"name":"(anonymous_3)","decl":{"start":{"line":72,"column":36},"end":{"line":72,"column":43}},"loc":{"start":{"line":73,"column":12},"end":{"line":73,"column":null}},"line":73},"4":{"name":"(anonymous_4)","decl":{"start":{"line":81,"column":4},"end":{"line":81,"column":20}},"loc":{"start":{"line":81,"column":44},"end":{"line":93,"column":null}},"line":81},"5":{"name":"(anonymous_5)","decl":{"start":{"line":95,"column":4},"end":{"line":95,"column":30}},"loc":{"start":{"line":95,"column":30},"end":{"line":95,"column":null}},"line":95},"6":{"name":"(anonymous_6)","decl":{"start":{"line":97,"column":4},"end":{"line":97,"column":13}},"loc":{"start":{"line":97,"column":13},"end":{"line":127,"column":null}},"line":97}},"branchMap":{"0":{"loc":{"start":{"line":36,"column":8},"end":{"line":39,"column":null}},"type":"if","locations":[{"start":{"line":36,"column":8},"end":{"line":39,"column":null}},{"start":{},"end":{}}],"line":36},"1":{"loc":{"start":{"line":36,"column":12},"end":{"line":36,"column":45}},"type":"binary-expr","locations":[{"start":{"line":36,"column":12},"end":{"line":36,"column":26}},{"start":{"line":36,"column":26},"end":{"line":36,"column":45}}],"line":36},"2":{"loc":{"start":{"line":55,"column":23},"end":{"line":55,"column":null}},"type":"cond-expr","locations":[{"start":{"line":55,"column":46},"end":{"line":55,"column":60}},{"start":{"line":55,"column":60},"end":{"line":55,"column":null}}],"line":55},"3":{"loc":{"start":{"line":65,"column":8},"end":{"line":70,"column":null}},"type":"if","locations":[{"start":{"line":65,"column":8},"end":{"line":70,"column":null}},{"start":{},"end":{}}],"line":65},"4":{"loc":{"start":{"line":84,"column":8},"end":{"line":86,"column":null}},"type":"if","locations":[{"start":{"line":84,"column":8},"end":{"line":86,"column":null}},{"start":{},"end":{}}],"line":84},"5":{"loc":{"start":{"line":84,"column":12},"end":{"line":84,"column":122}},"type":"binary-expr","locations":[{"start":{"line":84,"column":12},"end":{"line":84,"column":29}},{"start":{"line":84,"column":29},"end":{"line":84,"column":54}},{"start":{"line":84,"column":54},"end":{"line":84,"column":122}}],"line":84},"6":{"loc":{"start":{"line":88,"column":8},"end":{"line":90,"column":null}},"type":"if","locations":[{"start":{"line":88,"column":8},"end":{"line":90,"column":null}},{"start":{},"end":{}}],"line":88},"7":{"loc":{"start":{"line":99,"column":29},"end":{"line":99,"column":null}},"type":"binary-expr","locations":[{"start":{"line":99,"column":29},"end":{"line":99,"column":66}},{"start":{"line":99,"column":66},"end":{"line":99,"column":null}}],"line":99},"8":{"loc":{"start":{"line":103,"column":17},"end":{"line":105,"column":17}},"type":"binary-expr","locations":[{"start":{"line":103,"column":17},"end":{"line":103,"column":28}},{"start":{"line":103,"column":28},"end":{"line":105,"column":17}}],"line":103}},"s":{"0":2,"1":17,"2":17,"3":17,"4":14,"5":11,"6":0,"7":17,"8":15,"9":15,"10":3,"11":3,"12":17,"13":17,"14":17,"15":13,"16":2,"17":14,"18":14,"19":14,"20":4,"21":4,"22":4,"23":4,"24":10,"25":21,"26":10,"27":10,"28":10,"29":11,"30":11,"31":0,"32":11,"33":0,"34":11,"35":60,"36":60,"37":60},"f":{"0":17,"1":17,"2":14,"3":21,"4":11,"5":0,"6":60},"b":{"0":[3,12],"1":[15,3],"2":[2,0],"3":[4,10],"4":[0,11],"5":[11,4,0],"6":[0,11],"7":[60,44],"8":[60,17]},"meta":{"lastBranch":9,"lastFunction":7,"lastStatement":38,"seen":{"s:11:20:11:Infinity":0,"s:22:38:22:Infinity":1,"s:24:22:30:Infinity":2,"s:42:18:59:Infinity":3,"s:61:4:79:Infinity":4,"s:81:4:93:Infinity":5,"s:95:4:95:Infinity":6,"f:32:10:32:30":0,"s:33:8:33:Infinity":7,"s:35:27:35:Infinity":8,"b:36:8:39:Infinity:undefined:undefined:undefined:undefined":0,"s:36:8:39:Infinity":9,"b:36:12:36:26:36:26:36:45":1,"s:37:12:37:Infinity":10,"s:38:12:38:Infinity":11,"f:42:18:42:30":1,"s:43:8:43:Infinity":12,"s:45:8:58:Infinity":13,"s:46:25:46:Infinity":14,"s:47:12:52:Infinity":15,"s:54:12:57:Infinity":16,"b:55:46:55:60:55:60:55:Infinity":2,"f:61:4:61:21":2,"s:62:31:62:Infinity":17,"s:63:29:63:Infinity":18,"b:65:8:70:Infinity:undefined:undefined:undefined:undefined":3,"s:65:8:70:Infinity":19,"s:66:12:66:Infinity":20,"s:67:12:67:Infinity":21,"s:68:12:68:Infinity":22,"s:69:12:69:Infinity":23,"s:72:25:74:Infinity":24,"f:72:36:72:43":3,"s:73:12:73:Infinity":25,"s:76:8:76:Infinity":26,"s:77:8:77:Infinity":27,"s:78:8:78:Infinity":28,"f:81:4:81:20":4,"s:82:29:82:Infinity":29,"b:84:8:86:Infinity:undefined:undefined:undefined:undefined":4,"s:84:8:86:Infinity":30,"b:84:12:84:29:84:29:84:54:84:54:84:122":5,"s:85:12:85:Infinity":31,"b:88:8:90:Infinity:undefined:undefined:undefined:undefined":6,"s:88:8:90:Infinity":32,"s:89:12:89:Infinity":33,"s:92:8:92:Infinity":34,"f:95:4:95:30":5,"f:97:4:97:13":6,"s:98:63:98:Infinity":35,"s:99:29:99:Infinity":36,"b:99:29:99:66:99:66:99:Infinity":7,"s:101:8:125:Infinity":37,"b:103:17:103:28:103:28:105:17":8}}}
,"C:\\Users\\admin\\Documents\\GitHub\\class-components\\src\\components\\error-boundary\\error-boundary.tsx": {"path":"C:\\Users\\admin\\Documents\\GitHub\\class-components\\src\\components\\error-boundary\\error-boundary.tsx","statementMap":{"0":{"start":{"line":31,"column":2},"end":{"line":33,"column":null}},"1":{"start":{"line":16,"column":4},"end":{"line":16,"column":null}},"2":{"start":{"line":17,"column":4},"end":{"line":20,"column":null}},"3":{"start":{"line":25,"column":4},"end":{"line":28,"column":null}},"4":{"start":{"line":32,"column":4},"end":{"line":32,"column":null}},"5":{"start":{"line":36,"column":4},"end":{"line":55,"column":null}},"6":{"start":{"line":37,"column":6},"end":{"line":53,"column":null}},"7":{"start":{"line":57,"column":4},"end":{"line":57,"column":null}}},"fnMap":{"0":{"name":"(anonymous_0)","decl":{"start":{"line":15,"column":2},"end":{"line":15,"column":14}},"loc":{"start":{"line":15,"column":41},"end":{"line":21,"column":null}},"line":15},"1":{"name":"(anonymous_1)","decl":{"start":{"line":23,"column":9},"end":{"line":23,"column":34}},"loc":{"start":{"line":23,"column":68},"end":{"line":29,"column":null}},"line":23},"2":{"name":"(anonymous_2)","decl":{"start":{"line":31,"column":2},"end":{"line":31,"column":29}},"loc":{"start":{"line":31,"column":29},"end":{"line":33,"column":null}},"line":31},"3":{"name":"(anonymous_3)","decl":{"start":{"line":35,"column":2},"end":{"line":35,"column":22}},"loc":{"start":{"line":35,"column":22},"end":{"line":58,"column":null}},"line":35}},"branchMap":{"0":{"loc":{"start":{"line":27,"column":20},"end":{"line":27,"column":null}},"type":"binary-expr","locations":[{"start":{"line":27,"column":20},"end":{"line":27,"column":37}},{"start":{"line":27,"column":37},"end":{"line":27,"column":null}}],"line":27},"1":{"loc":{"start":{"line":36,"column":4},"end":{"line":55,"column":null}},"type":"if","locations":[{"start":{"line":36,"column":4},"end":{"line":55,"column":null}},{"start":{},"end":{}}],"line":36},"2":{"loc":{"start":{"line":44,"column":15},"end":{"line":44,"column":null}},"type":"binary-expr","locations":[{"start":{"line":44,"column":15},"end":{"line":44,"column":42}},{"start":{"line":44,"column":42},"end":{"line":44,"column":null}}],"line":44}},"s":{"0":1,"1":9,"2":9,"3":6,"4":1,"5":14,"6":6,"7":8},"f":{"0":9,"1":8,"2":1,"3":14},"b":{"0":[6,2],"1":[6,8],"2":[6,0]},"meta":{"lastBranch":3,"lastFunction":4,"lastStatement":8,"seen":{"s:31:2:33:Infinity":0,"f:15:2:15:14":0,"s:16:4:16:Infinity":1,"s:17:4:20:Infinity":2,"f:23:9:23:34":1,"s:25:4:28:Infinity":3,"b:27:20:27:37:27:37:27:Infinity":0,"f:31:2:31:29":2,"s:32:4:32:Infinity":4,"f:35:2:35:22":3,"b:36:4:55:Infinity:undefined:undefined:undefined:undefined":1,"s:36:4:55:Infinity":5,"s:37:6:53:Infinity":6,"b:44:15:44:42:44:42:44:Infinity":2,"s:57:4:57:Infinity":7}}}
,"C:\\Users\\admin\\Documents\\GitHub\\class-components\\src\\components\\error-button\\index.tsx": {"path":"C:\\Users\\admin\\Documents\\GitHub\\class-components\\src\\components\\error-button\\index.tsx","statementMap":{"0":{"start":{"line":14,"column":34},"end":{"line":16,"column":null}},"1":{"start":{"line":18,"column":4},"end":{"line":24,"column":null}},"2":{"start":{"line":19,"column":8},"end":{"line":21,"column":null}},"3":{"start":{"line":20,"column":12},"end":{"line":20,"column":null}},"4":{"start":{"line":23,"column":8},"end":{"line":23,"column":null}},"5":{"start":{"line":27,"column":8},"end":{"line":29,"column":null}},"6":{"start":{"line":28,"column":12},"end":{"line":28,"column":null}},"7":{"start":{"line":31,"column":8},"end":{"line":40,"column":null}}},"fnMap":{"0":{"name":"(anonymous_0)","decl":{"start":{"line":18,"column":4},"end":{"line":18,"column":34}},"loc":{"start":{"line":18,"column":34},"end":{"line":24,"column":null}},"line":18},"1":{"name":"(anonymous_1)","decl":{"start":{"line":26,"column":4},"end":{"line":26,"column":13}},"loc":{"start":{"line":26,"column":13},"end":{"line":42,"column":null}},"line":26}},"branchMap":{"0":{"loc":{"start":{"line":19,"column":8},"end":{"line":21,"column":null}},"type":"if","locations":[{"start":{"line":19,"column":8},"end":{"line":21,"column":null}},{"start":{},"end":{}}],"line":19},"1":{"loc":{"start":{"line":27,"column":8},"end":{"line":29,"column":null}},"type":"if","locations":[{"start":{"line":27,"column":8},"end":{"line":29,"column":null}},{"start":{},"end":{}}],"line":27}},"s":{"0":21,"1":1,"2":1,"3":0,"4":1,"5":66,"6":2,"7":64},"f":{"0":1,"1":66},"b":{"0":[0,1],"1":[2,64]},"meta":{"lastBranch":2,"lastFunction":2,"lastStatement":8,"seen":{"s:14:34:16:Infinity":0,"s:18:4:24:Infinity":1,"f:18:4:18:34":0,"b:19:8:21:Infinity:undefined:undefined:undefined:undefined":0,"s:19:8:21:Infinity":2,"s:20:12:20:Infinity":3,"s:23:8:23:Infinity":4,"f:26:4:26:13":1,"b:27:8:29:Infinity:undefined:undefined:undefined:undefined":1,"s:27:8:29:Infinity":5,"s:28:12:28:Infinity":6,"s:31:8:40:Infinity":7}}}
,"C:\\Users\\admin\\Documents\\GitHub\\class-components\\src\\components\\error-message\\error-message.tsx": {"path":"C:\\Users\\admin\\Documents\\GitHub\\class-components\\src\\components\\error-message\\error-message.tsx","statementMap":{"0":{"start":{"line":9,"column":28},"end":{"line":9,"column":null}},"1":{"start":{"line":10,"column":8},"end":{"line":13,"column":null}}},"fnMap":{"0":{"name":"(anonymous_0)","decl":{"start":{"line":8,"column":4},"end":{"line":8,"column":13}},"loc":{"start":{"line":8,"column":13},"end":{"line":15,"column":null}},"line":8}},"branchMap":{},"s":{"0":5,"1":5},"f":{"0":5},"b":{},"meta":{"lastBranch":0,"lastFunction":1,"lastStatement":2,"seen":{"f:8:4:8:13":0,"s:9:28:9:Infinity":0,"s:10:8:13:Infinity":1}}}
,"C:\\Users\\admin\\Documents\\GitHub\\class-components\\src\\components\\loader\\index.tsx": {"path":"C:\\Users\\admin\\Documents\\GitHub\\class-components\\src\\components\\loader\\index.tsx","statementMap":{"0":{"start":{"line":12,"column":13},"end":{"line":46,"column":null}},"1":{"start":{"line":18,"column":23},"end":{"line":23,"column":null}},"2":{"start":{"line":25,"column":2},"end":{"line":44,"column":null}}},"fnMap":{"0":{"name":"(anonymous_0)","decl":{"start":{"line":12,"column":13},"end":{"line":12,"column":23}},"loc":{"start":{"line":17,"column":19},"end":{"line":46,"column":null}},"line":17}},"branchMap":{"0":{"loc":{"start":{"line":13,"column":2},"end":{"line":13,"column":null}},"type":"default-arg","locations":[{"start":{"line":13,"column":9},"end":{"line":13,"column":null}}],"line":13},"1":{"loc":{"start":{"line":14,"column":2},"end":{"line":14,"column":null}},"type":"default-arg","locations":[{"start":{"line":14,"column":10},"end":{"line":14,"column":null}}],"line":14},"2":{"loc":{"start":{"line":15,"column":2},"end":{"line":15,"column":null}},"type":"default-arg","locations":[{"start":{"line":15,"column":14},"end":{"line":15,"column":null}}],"line":15},"3":{"loc":{"start":{"line":16,"column":2},"end":{"line":16,"column":null}},"type":"default-arg","locations":[{"start":{"line":16,"column":10},"end":{"line":16,"column":null}}],"line":16}},"s":{"0":3,"1":25,"2":25},"f":{"0":25},"b":{"0":[25],"1":[25],"2":[25],"3":[25]},"meta":{"lastBranch":4,"lastFunction":1,"lastStatement":3,"seen":{"s:12:13:46:Infinity":0,"f:12:13:12:23":0,"b:13:9:13:Infinity":0,"b:14:10:14:Infinity":1,"b:15:14:15:Infinity":2,"b:16:10:16:Infinity":3,"s:18:23:23:Infinity":1,"s:25:2:44:Infinity":2}}}
,"C:\\Users\\admin\\Documents\\GitHub\\class-components\\src\\components\\results-table\\results-table.tsx": {"path":"C:\\Users\\admin\\Documents\\GitHub\\class-components\\src\\components\\results-table\\results-table.tsx","statementMap":{"0":{"start":{"line":14,"column":57},"end":{"line":14,"column":null}},"1":{"start":{"line":16,"column":8},"end":{"line":18,"column":null}},"2":{"start":{"line":17,"column":12},"end":{"line":17,"column":null}},"3":{"start":{"line":20,"column":8},"end":{"line":22,"column":null}},"4":{"start":{"line":21,"column":12},"end":{"line":21,"column":null}},"5":{"start":{"line":24,"column":8},"end":{"line":26,"column":null}},"6":{"start":{"line":25,"column":12},"end":{"line":25,"column":null}},"7":{"start":{"line":28,"column":8},"end":{"line":30,"column":null}},"8":{"start":{"line":29,"column":12},"end":{"line":29,"column":null}},"9":{"start":{"line":32,"column":8},"end":{"line":58,"column":null}},"10":{"start":{"line":46,"column":24},"end":{"line":55,"column":null}}},"fnMap":{"0":{"name":"(anonymous_0)","decl":{"start":{"line":13,"column":4},"end":{"line":13,"column":13}},"loc":{"start":{"line":13,"column":13},"end":{"line":60,"column":null}},"line":13},"1":{"name":"(anonymous_1)","decl":{"start":{"line":45,"column":29},"end":{"line":45,"column":34}},"loc":{"start":{"line":46,"column":24},"end":{"line":55,"column":null}},"line":46}},"branchMap":{"0":{"loc":{"start":{"line":16,"column":8},"end":{"line":18,"column":null}},"type":"if","locations":[{"start":{"line":16,"column":8},"end":{"line":18,"column":null}},{"start":{},"end":{}}],"line":16},"1":{"loc":{"start":{"line":20,"column":8},"end":{"line":22,"column":null}},"type":"if","locations":[{"start":{"line":20,"column":8},"end":{"line":22,"column":null}},{"start":{},"end":{}}],"line":20},"2":{"loc":{"start":{"line":24,"column":8},"end":{"line":26,"column":null}},"type":"if","locations":[{"start":{"line":24,"column":8},"end":{"line":26,"column":null}},{"start":{},"end":{}}],"line":24},"3":{"loc":{"start":{"line":28,"column":8},"end":{"line":30,"column":null}},"type":"if","locations":[{"start":{"line":28,"column":8},"end":{"line":30,"column":null}},{"start":{},"end":{}}],"line":28},"4":{"loc":{"start":{"line":48,"column":33},"end":{"line":48,"column":124}},"type":"cond-expr","locations":[{"start":{"line":48,"column":55},"end":{"line":48,"column":66}},{"start":{"line":48,"column":66},"end":{"line":48,"column":124}}],"line":48},"5":{"loc":{"start":{"line":48,"column":66},"end":{"line":48,"column":124}},"type":"cond-expr","locations":[{"start":{"line":48,"column":88},"end":{"line":48,"column":101}},{"start":{"line":48,"column":101},"end":{"line":48,"column":124}}],"line":48},"6":{"loc":{"start":{"line":48,"column":101},"end":{"line":48,"column":124}},"type":"binary-expr","locations":[{"start":{"line":48,"column":101},"end":{"line":48,"column":116}},{"start":{"line":48,"column":116},"end":{"line":48,"column":124}}],"line":48},"7":{"loc":{"start":{"line":50,"column":33},"end":{"line":50,"column":null}},"type":"cond-expr","locations":[{"start":{"line":50,"column":49},"end":{"line":50,"column":64}},{"start":{"line":50,"column":64},"end":{"line":50,"column":null}}],"line":50},"8":{"loc":{"start":{"line":51,"column":33},"end":{"line":51,"column":null}},"type":"binary-expr","locations":[{"start":{"line":51,"column":33},"end":{"line":51,"column":50}},{"start":{"line":51,"column":50},"end":{"line":51,"column":null}}],"line":51},"9":{"loc":{"start":{"line":53,"column":33},"end":{"line":53,"column":87}},"type":"binary-expr","locations":[{"start":{"line":53,"column":33},"end":{"line":53,"column":79}},{"start":{"line":53,"column":79},"end":{"line":53,"column":87}}],"line":53}},"s":{"0":74,"1":74,"2":18,"3":56,"4":3,"5":53,"6":18,"7":35,"8":6,"9":29,"10":57},"f":{"0":74,"1":57},"b":{"0":[18,56],"1":[3,53],"2":[18,35],"3":[6,29],"4":[56,1],"5":[0,1],"6":[1,1],"7":[1,56],"8":[57,1],"9":[57,1]},"meta":{"lastBranch":10,"lastFunction":2,"lastStatement":11,"seen":{"f:13:4:13:13":0,"s:14:57:14:Infinity":0,"b:16:8:18:Infinity:undefined:undefined:undefined:undefined":0,"s:16:8:18:Infinity":1,"s:17:12:17:Infinity":2,"b:20:8:22:Infinity:undefined:undefined:undefined:undefined":1,"s:20:8:22:Infinity":3,"s:21:12:21:Infinity":4,"b:24:8:26:Infinity:undefined:undefined:undefined:undefined":2,"s:24:8:26:Infinity":5,"s:25:12:25:Infinity":6,"b:28:8:30:Infinity:undefined:undefined:undefined:undefined":3,"s:28:8:30:Infinity":7,"s:29:12:29:Infinity":8,"s:32:8:58:Infinity":9,"f:45:29:45:34":1,"s:46:24:55:Infinity":10,"b:48:55:48:66:48:66:48:124":4,"b:48:88:48:101:48:101:48:124":5,"b:48:101:48:116:48:116:48:124":6,"b:50:49:50:64:50:64:50:Infinity":7,"b:51:33:51:50:51:50:51:Infinity":8,"b:53:33:53:79:53:79:53:87":9}}}
,"C:\\Users\\admin\\Documents\\GitHub\\class-components\\src\\components\\search-form\\search-form.tsx": {"path":"C:\\Users\\admin\\Documents\\GitHub\\class-components\\src\\components\\search-form\\search-form.tsx","statementMap":{"0":{"start":{"line":22,"column":4},"end":{"line":24,"column":null}},"1":{"start":{"line":26,"column":4},"end":{"line":32,"column":null}},"2":{"start":{"line":34,"column":4},"end":{"line":37,"column":null}},"3":{"start":{"line":16,"column":8},"end":{"line":16,"column":null}},"4":{"start":{"line":17,"column":8},"end":{"line":19,"column":null}},"5":{"start":{"line":23,"column":8},"end":{"line":23,"column":null}},"6":{"start":{"line":27,"column":8},"end":{"line":27,"column":null}},"7":{"start":{"line":28,"column":26},"end":{"line":28,"column":null}},"8":{"start":{"line":29,"column":8},"end":{"line":31,"column":null}},"9":{"start":{"line":30,"column":12},"end":{"line":30,"column":null}},"10":{"start":{"line":35,"column":8},"end":{"line":35,"column":null}},"11":{"start":{"line":36,"column":8},"end":{"line":36,"column":null}},"12":{"start":{"line":40,"column":26},"end":{"line":40,"column":null}},"13":{"start":{"line":41,"column":28},"end":{"line":41,"column":null}},"14":{"start":{"line":43,"column":8},"end":{"line":52,"column":null}}},"fnMap":{"0":{"name":"(anonymous_0)","decl":{"start":{"line":15,"column":4},"end":{"line":15,"column":16}},"loc":{"start":{"line":15,"column":40},"end":{"line":20,"column":null}},"line":15},"1":{"name":"(anonymous_1)","decl":{"start":{"line":22,"column":4},"end":{"line":22,"column":25}},"loc":{"start":{"line":22,"column":62},"end":{"line":24,"column":null}},"line":22},"2":{"name":"(anonymous_2)","decl":{"start":{"line":26,"column":4},"end":{"line":26,"column":20}},"loc":{"start":{"line":26,"column":37},"end":{"line":32,"column":null}},"line":26},"3":{"name":"(anonymous_3)","decl":{"start":{"line":34,"column":4},"end":{"line":34,"column":24}},"loc":{"start":{"line":34,"column":24},"end":{"line":37,"column":null}},"line":34},"4":{"name":"(anonymous_4)","decl":{"start":{"line":39,"column":4},"end":{"line":39,"column":13}},"loc":{"start":{"line":39,"column":13},"end":{"line":54,"column":null}},"line":39}},"branchMap":{"0":{"loc":{"start":{"line":18,"column":19},"end":{"line":18,"column":null}},"type":"binary-expr","locations":[{"start":{"line":18,"column":19},"end":{"line":18,"column":41}},{"start":{"line":18,"column":41},"end":{"line":18,"column":null}}],"line":18},"1":{"loc":{"start":{"line":29,"column":8},"end":{"line":31,"column":null}},"type":"if","locations":[{"start":{"line":29,"column":8},"end":{"line":31,"column":null}},{"start":{},"end":{}}],"line":29},"2":{"loc":{"start":{"line":47,"column":21},"end":{"line":47,"column":null}},"type":"cond-expr","locations":[{"start":{"line":47,"column":31},"end":{"line":47,"column":45}},{"start":{"line":47,"column":45},"end":{"line":47,"column":null}}],"line":47}},"s":{"0":66,"1":8,"2":5,"3":23,"4":23,"5":66,"6":8,"7":8,"8":8,"9":8,"10":5,"11":5,"12":133,"13":133,"14":133},"f":{"0":23,"1":66,"2":8,"3":5,"4":133},"b":{"0":[23,19],"1":[8,0],"2":[18,115]},"meta":{"lastBranch":3,"lastFunction":5,"lastStatement":15,"seen":{"s:22:4:24:Infinity":0,"s:26:4:32:Infinity":1,"s:34:4:37:Infinity":2,"f:15:4:15:16":0,"s:16:8:16:Infinity":3,"s:17:8:19:Infinity":4,"b:18:19:18:41:18:41:18:Infinity":0,"f:22:4:22:25":1,"s:23:8:23:Infinity":5,"f:26:4:26:20":2,"s:27:8:27:Infinity":6,"s:28:26:28:Infinity":7,"b:29:8:31:Infinity:undefined:undefined:undefined:undefined":1,"s:29:8:31:Infinity":8,"s:30:12:30:Infinity":9,"f:34:4:34:24":3,"s:35:8:35:Infinity":10,"s:36:8:36:Infinity":11,"f:39:4:39:13":4,"s:40:26:40:Infinity":12,"s:41:28:41:Infinity":13,"s:43:8:52:Infinity":14,"b:47:31:47:45:47:45:47:Infinity":2}}}
,"C:\\Users\\admin\\Documents\\GitHub\\class-components\\src\\ui\\footer.tsx": {"path":"C:\\Users\\admin\\Documents\\GitHub\\class-components\\src\\ui\\footer.tsx","statementMap":{"0":{"start":{"line":3,"column":13},"end":{"line":13,"column":null}},"1":{"start":{"line":4,"column":4},"end":{"line":11,"column":null}}},"fnMap":{"0":{"name":"(anonymous_0)","decl":{"start":{"line":3,"column":13},"end":{"line":3,"column":28}},"loc":{"start":{"line":3,"column":28},"end":{"line":13,"column":null}},"line":3}},"branchMap":{},"s":{"0":2,"1":3},"f":{"0":3},"b":{},"meta":{"lastBranch":0,"lastFunction":1,"lastStatement":2,"seen":{"s:3:13:13:Infinity":0,"f:3:13:3:28":0,"s:4:4:11:Infinity":1}}}
,"C:\\Users\\admin\\Documents\\GitHub\\class-components\\src\\ui\\header.tsx": {"path":"C:\\Users\\admin\\Documents\\GitHub\\class-components\\src\\ui\\header.tsx","statementMap":{"0":{"start":{"line":3,"column":13},"end":{"line":9,"column":null}},"1":{"start":{"line":4,"column":4},"end":{"line":7,"column":null}}},"fnMap":{"0":{"name":"(anonymous_0)","decl":{"start":{"line":3,"column":13},"end":{"line":3,"column":28}},"loc":{"start":{"line":3,"column":28},"end":{"line":9,"column":null}},"line":3}},"branchMap":{},"s":{"0":2,"1":2},"f":{"0":2},"b":{},"meta":{"lastBranch":0,"lastFunction":1,"lastStatement":2,"seen":{"s:3:13:9:Infinity":0,"f:3:13:3:28":0,"s:4:4:7:Infinity":1}}}
,"C:\\Users\\admin\\Documents\\GitHub\\class-components\\src\\ui\\main.tsx": {"path":"C:\\Users\\admin\\Documents\\GitHub\\class-components\\src\\ui\\main.tsx","statementMap":{"0":{"start":{"line":4,"column":13},"end":{"line":10,"column":null}},"1":{"start":{"line":5,"column":4},"end":{"line":8,"column":null}}},"fnMap":{"0":{"name":"(anonymous_0)","decl":{"start":{"line":4,"column":13},"end":{"line":4,"column":26}},"loc":{"start":{"line":4,"column":26},"end":{"line":10,"column":null}},"line":4}},"branchMap":{},"s":{"0":2,"1":2},"f":{"0":2},"b":{},"meta":{"lastBranch":0,"lastFunction":1,"lastStatement":2,"seen":{"s:4:13:10:Infinity":0,"f:4:13:4:26":0,"s:5:4:8:Infinity":1}}}
}
